2018-Apr-15 16:04:13.022 INFO	core	Dwarf Therapist "39.3.1" starting normally. [E:\projects\Dwarf-Therapist\src\dwarftherapist.cpp:186] (DwarfTherapist::setup_logging)
2018-Apr-15 16:04:13.023 INFO	core	Runtime QT Version 5.9.4 [E:\projects\Dwarf-Therapist\src\dwarftherapist.cpp:187] (DwarfTherapist::setup_logging)
2018-Apr-15 16:04:13.548 INFO	core	beginning to read settings [E:\projects\Dwarf-Therapist\src\dwarftherapist.cpp:213] (DwarfTherapist::read_settings)
2018-Apr-15 16:04:13.562 INFO	core	finished reading settings [E:\projects\Dwarf-Therapist\src\dwarftherapist.cpp:264] (DwarfTherapist::read_settings)
2018-Apr-15 16:04:13.617 INFO	core	attempting connection to running DF game [E:\projects\Dwarf-Therapist\src\mainwindow.cpp:406] (MainWindow::connect_to_df)
2018-Apr-15 16:04:13.618 INFO	core	opening layout "C:/Users/Aelforth/Documents/DFDev/Keepsake DF/Utilities/DwarfTherapist/share/memory_layouts/windows/v0.42.01_graphics_win.ini" [E:\projects\Dwarf-Therapist\src\dfinstance.cpp:105] (DFInstance::DFInstance)
2018-Apr-15 16:04:13.620 INFO	core	adding valid layout "v0.42.01 (graphics) win" checksum: "0x565ca0e6" SHA: "d359ca9347936d47f1d536e303fc3b902303e0a0" [E:\projects\Dwarf-Therapist\src\dfinstance.cpp:112] (DFInstance::DFInstance)
2018-Apr-15 16:04:13.620 INFO	core	opening layout "C:/Users/Aelforth/Documents/DFDev/Keepsake DF/Utilities/DwarfTherapist/share/memory_layouts/windows/v0.42.02_graphics_win.ini" [E:\projects\Dwarf-Therapist\src\dfinstance.cpp:105] (DFInstance::DFInstance)
2018-Apr-15 16:04:13.621 INFO	core	adding valid layout "v0.42.02 (graphics) win" checksum: "0x56633788" SHA: "3b1b62e68a16963767243a37e362b7eaeaad1a3a" [E:\projects\Dwarf-Therapist\src\dfinstance.cpp:112] (DFInstance::DFInstance)
2018-Apr-15 16:04:13.621 INFO	core	opening layout "C:/Users/Aelforth/Documents/DFDev/Keepsake DF/Utilities/DwarfTherapist/share/memory_layouts/windows/v0.42.03_graphics_win.ini" [E:\projects\Dwarf-Therapist\src\dfinstance.cpp:105] (DFInstance::DFInstance)
2018-Apr-15 16:04:13.622 INFO	core	adding valid layout "v0.42.03 (graphics) win" checksum: "0x566c7776" SHA: "747ead87b43be1b5b70f3a838113a63cee6ebd6f" [E:\projects\Dwarf-Therapist\src\dfinstance.cpp:112] (DFInstance::DFInstance)
2018-Apr-15 16:04:13.622 INFO	core	opening layout "C:/Users/Aelforth/Documents/DFDev/Keepsake DF/Utilities/DwarfTherapist/share/memory_layouts/windows/v0.42.04_graphics_win.ini" [E:\projects\Dwarf-Therapist\src\dfinstance.cpp:105] (DFInstance::DFInstance)
2018-Apr-15 16:04:13.623 INFO	core	adding valid layout "v0.42.04 (graphics) win" checksum: "0x567ef345" SHA: "0fa1a009508d9b271ae86cfde75f35741ddbc3c3" [E:\projects\Dwarf-Therapist\src\dfinstance.cpp:112] (DFInstance::DFInstance)
2018-Apr-15 16:04:13.623 INFO	core	opening layout "C:/Users/Aelforth/Documents/DFDev/Keepsake DF/Utilities/DwarfTherapist/share/memory_layouts/windows/v0.42.05_graphics_win.ini" [E:\projects\Dwarf-Therapist\src\dfinstance.cpp:105] (DFInstance::DFInstance)
2018-Apr-15 16:04:13.624 INFO	core	adding valid layout "v0.42.05 (graphics) win" checksum: "0x569bf3df" SHA: "2c38c07aa67947bc4fa52f0c7086e5cf608cb0cc" [E:\projects\Dwarf-Therapist\src\dfinstance.cpp:112] (DFInstance::DFInstance)
2018-Apr-15 16:04:13.624 INFO	core	opening layout "C:/Users/Aelforth/Documents/DFDev/Keepsake DF/Utilities/DwarfTherapist/share/memory_layouts/windows/v0.42.06_graphics_win.ini" [E:\projects\Dwarf-Therapist\src\dfinstance.cpp:105] (DFInstance::DFInstance)
2018-Apr-15 16:04:13.625 INFO	core	adding valid layout "v0.42.06 (graphics) win" checksum: "0x56bba192" SHA: "7d778155de6ecdaa5c2933af7f14e69601069477" [E:\projects\Dwarf-Therapist\src\dfinstance.cpp:112] (DFInstance::DFInstance)
2018-Apr-15 16:04:13.625 INFO	core	opening layout "C:/Users/Aelforth/Documents/DFDev/Keepsake DF/Utilities/DwarfTherapist/share/memory_layouts/windows/v0.43.01_graphics_win.ini" [E:\projects\Dwarf-Therapist\src\dfinstance.cpp:105] (DFInstance::DFInstance)
2018-Apr-15 16:04:13.626 INFO	core	adding valid layout "v0.43.01 (graphics) win" checksum: "0x5731022d" SHA: "c17c0f62c50a4ac91360271fe7317433a4fb56a9" [E:\projects\Dwarf-Therapist\src\dfinstance.cpp:112] (DFInstance::DFInstance)
2018-Apr-15 16:04:13.626 INFO	core	opening layout "C:/Users/Aelforth/Documents/DFDev/Keepsake DF/Utilities/DwarfTherapist/share/memory_layouts/windows/v0.43.02_graphics_win.ini" [E:\projects\Dwarf-Therapist\src\dfinstance.cpp:105] (DFInstance::DFInstance)
2018-Apr-15 16:04:13.627 INFO	core	adding valid layout "v0.43.02 (graphics) win" checksum: "0x5733848a" SHA: "97a9222673f762f1acc5e4cfe737e380b4a1108a" [E:\projects\Dwarf-Therapist\src\dfinstance.cpp:112] (DFInstance::DFInstance)
2018-Apr-15 16:04:13.627 INFO	core	opening layout "C:/Users/Aelforth/Documents/DFDev/Keepsake DF/Utilities/DwarfTherapist/share/memory_layouts/windows/v0.43.03_graphics_win.ini" [E:\projects\Dwarf-Therapist\src\dfinstance.cpp:105] (DFInstance::DFInstance)
2018-Apr-15 16:04:13.628 INFO	core	adding valid layout "v0.43.03 (graphics) win" checksum: "0x57420c94" SHA: "f58253a32c8a719959d5c55096614f80c34b7d00" [E:\projects\Dwarf-Therapist\src\dfinstance.cpp:112] (DFInstance::DFInstance)
2018-Apr-15 16:04:13.628 INFO	core	opening layout "C:/Users/Aelforth/Documents/DFDev/Keepsake DF/Utilities/DwarfTherapist/share/memory_layouts/windows/v0.43.05_graphics_win32.ini" [E:\projects\Dwarf-Therapist\src\dfinstance.cpp:105] (DFInstance::DFInstance)
2018-Apr-15 16:04:13.629 INFO	core	adding valid layout "v0.43.05 (graphics) win32" checksum: "0x577b57ff" SHA: "29eb9fbdba3efc4abbc08d49431621f937697b12" [E:\projects\Dwarf-Therapist\src\dfinstance.cpp:112] (DFInstance::DFInstance)
2018-Apr-15 16:04:13.629 INFO	core	opening layout "C:/Users/Aelforth/Documents/DFDev/Keepsake DF/Utilities/DwarfTherapist/share/memory_layouts/windows/v0.43.05_graphics_win64.ini" [E:\projects\Dwarf-Therapist\src\dfinstance.cpp:105] (DFInstance::DFInstance)
2018-Apr-15 16:04:13.630 INFO	core	adding valid layout "v0.43.05 (graphics) win64" checksum: "0x577b5e93" SHA: "5218ec4e1e6c5f3dbc63f8ce46ad7e6e218c796a" [E:\projects\Dwarf-Therapist\src\dfinstance.cpp:112] (DFInstance::DFInstance)
2018-Apr-15 16:04:13.630 INFO	core	opening layout "C:/Users/Aelforth/Documents/DFDev/Keepsake DF/Utilities/DwarfTherapist/share/memory_layouts/windows/v0.44.02_graphics_win32.ini" [E:\projects\Dwarf-Therapist\src\dfinstance.cpp:105] (DFInstance::DFInstance)
2018-Apr-15 16:04:13.631 INFO	core	adding valid layout "v0.44.02 (graphics) win32" checksum: "0x5a175fbd" SHA: "e5738d69fc608669759934e077de17ce5869fd53" [E:\projects\Dwarf-Therapist\src\dfinstance.cpp:112] (DFInstance::DFInstance)
2018-Apr-15 16:04:13.631 INFO	core	opening layout "C:/Users/Aelforth/Documents/DFDev/Keepsake DF/Utilities/DwarfTherapist/share/memory_layouts/windows/v0.44.02_graphics_win64.ini" [E:\projects\Dwarf-Therapist\src\dfinstance.cpp:105] (DFInstance::DFInstance)
2018-Apr-15 16:04:13.632 INFO	core	adding valid layout "v0.44.02 (graphics) win64" checksum: "0x5a176770" SHA: "9e831bd40c8229de10a952d9ce382dcb3181b40c" [E:\projects\Dwarf-Therapist\src\dfinstance.cpp:112] (DFInstance::DFInstance)
2018-Apr-15 16:04:13.632 INFO	core	opening layout "C:/Users/Aelforth/Documents/DFDev/Keepsake DF/Utilities/DwarfTherapist/share/memory_layouts/windows/v0.44.03_graphics_win32.ini" [E:\projects\Dwarf-Therapist\src\dfinstance.cpp:105] (DFInstance::DFInstance)
2018-Apr-15 16:04:13.633 INFO	core	adding valid layout "v0.44.03 (graphics) win32" checksum: "0x5a40bfbf" SHA: "4ea302a365d2d3b08e368bac3ae84597f69029c4" [E:\projects\Dwarf-Therapist\src\dfinstance.cpp:112] (DFInstance::DFInstance)
2018-Apr-15 16:04:13.633 INFO	core	opening layout "C:/Users/Aelforth/Documents/DFDev/Keepsake DF/Utilities/DwarfTherapist/share/memory_layouts/windows/v0.44.03_graphics_win64.ini" [E:\projects\Dwarf-Therapist\src\dfinstance.cpp:105] (DFInstance::DFInstance)
2018-Apr-15 16:04:13.634 INFO	core	adding valid layout "v0.44.03 (graphics) win64" checksum: "0x5a40c6db" SHA: "21e3debe6634dda0a254491c9c60efc0e82876df" [E:\projects\Dwarf-Therapist\src\dfinstance.cpp:112] (DFInstance::DFInstance)
2018-Apr-15 16:04:13.634 INFO	core	opening layout "C:/Users/Aelforth/Documents/DFDev/Keepsake DF/Utilities/DwarfTherapist/share/memory_layouts/windows/v0.44.04_graphics_win32.ini" [E:\projects\Dwarf-Therapist\src\dfinstance.cpp:105] (DFInstance::DFInstance)
2018-Apr-15 16:04:13.635 INFO	core	adding valid layout "v0.44.04 (graphics) win32" checksum: "0x5a5687e6" SHA: "7ab86d32eb2c5adb1a71edb6854e57a7fb116f91" [E:\projects\Dwarf-Therapist\src\dfinstance.cpp:112] (DFInstance::DFInstance)
2018-Apr-15 16:04:13.635 INFO	core	opening layout "C:/Users/Aelforth/Documents/DFDev/Keepsake DF/Utilities/DwarfTherapist/share/memory_layouts/windows/v0.44.04_graphics_win64.ini" [E:\projects\Dwarf-Therapist\src\dfinstance.cpp:105] (DFInstance::DFInstance)
2018-Apr-15 16:04:13.636 INFO	core	adding valid layout "v0.44.04 (graphics) win64" checksum: "0x5a568f07" SHA: "cf5b103cfa8e1504eb86a028e67d430ec1e1328d" [E:\projects\Dwarf-Therapist\src\dfinstance.cpp:112] (DFInstance::DFInstance)
2018-Apr-15 16:04:13.636 INFO	core	opening layout "C:/Users/Aelforth/Documents/DFDev/Keepsake DF/Utilities/DwarfTherapist/share/memory_layouts/windows/v0.44.05_graphics_win32.ini" [E:\projects\Dwarf-Therapist\src\dfinstance.cpp:105] (DFInstance::DFInstance)
2018-Apr-15 16:04:13.637 INFO	core	adding valid layout "v0.44.05 (graphics) win32" checksum: "0x5a5bb383" SHA: "a0c18579181ae5f245fbfb512013076bd5fb654c" [E:\projects\Dwarf-Therapist\src\dfinstance.cpp:112] (DFInstance::DFInstance)
2018-Apr-15 16:04:13.637 INFO	core	opening layout "C:/Users/Aelforth/Documents/DFDev/Keepsake DF/Utilities/DwarfTherapist/share/memory_layouts/windows/v0.44.05_graphics_win64.ini" [E:\projects\Dwarf-Therapist\src\dfinstance.cpp:105] (DFInstance::DFInstance)
2018-Apr-15 16:04:13.638 INFO	core	adding valid layout "v0.44.05 (graphics) win64" checksum: "0x5a5bbc62" SHA: "56d3e713f01606ebafd1d9a19206076fe01e5e1e" [E:\projects\Dwarf-Therapist\src\dfinstance.cpp:112] (DFInstance::DFInstance)
2018-Apr-15 16:04:13.638 INFO	core	opening layout "C:/Users/Aelforth/Documents/DFDev/Keepsake DF/Utilities/DwarfTherapist/share/memory_layouts/windows/v0.44.06_graphics_win32.ini" [E:\projects\Dwarf-Therapist\src\dfinstance.cpp:105] (DFInstance::DFInstance)
2018-Apr-15 16:04:13.640 INFO	core	adding valid layout "v0.44.06 (graphics) win32" checksum: "0x5aa2ef43" SHA: "cb5e0b3f8f151969e33c918d07dda795a82e3be2" [E:\projects\Dwarf-Therapist\src\dfinstance.cpp:112] (DFInstance::DFInstance)
2018-Apr-15 16:04:13.640 INFO	core	opening layout "C:/Users/Aelforth/Documents/DFDev/Keepsake DF/Utilities/DwarfTherapist/share/memory_layouts/windows/v0.44.06_graphics_win64.ini" [E:\projects\Dwarf-Therapist\src\dfinstance.cpp:105] (DFInstance::DFInstance)
2018-Apr-15 16:04:13.641 INFO	core	adding valid layout "v0.44.06 (graphics) win64" checksum: "0x5aa2f81a" SHA: "04524e72898b267382a888a53a4f3e856d28a0e0" [E:\projects\Dwarf-Therapist\src\dfinstance.cpp:112] (DFInstance::DFInstance)
2018-Apr-15 16:04:13.641 INFO	core	opening layout "C:/Users/Aelforth/Documents/DFDev/Keepsake DF/Utilities/DwarfTherapist/share/memory_layouts/windows/v0.44.07_graphics_win32.ini" [E:\projects\Dwarf-Therapist\src\dfinstance.cpp:105] (DFInstance::DFInstance)
2018-Apr-15 16:04:13.642 INFO	core	adding valid layout "v0.44.07 (graphics) win32" checksum: "0x5aa6e660" SHA: "5f3c37e0a39d20fdb298713ead4affe23563b95b" [E:\projects\Dwarf-Therapist\src\dfinstance.cpp:112] (DFInstance::DFInstance)
2018-Apr-15 16:04:13.642 INFO	core	opening layout "C:/Users/Aelforth/Documents/DFDev/Keepsake DF/Utilities/DwarfTherapist/share/memory_layouts/windows/v0.44.07_graphics_win64.ini" [E:\projects\Dwarf-Therapist\src\dfinstance.cpp:105] (DFInstance::DFInstance)
2018-Apr-15 16:04:13.643 INFO	core	adding valid layout "v0.44.07 (graphics) win64" checksum: "0x5aa6ed50" SHA: "e42795637cbf8b4a66eb8241e1625c2e6dd58372" [E:\projects\Dwarf-Therapist\src\dfinstance.cpp:112] (DFInstance::DFInstance)
2018-Apr-15 16:04:13.643 INFO	core	opening layout "C:/Users/Aelforth/Documents/DFDev/Keepsake DF/Utilities/DwarfTherapist/share/memory_layouts/windows/v0.44.08_graphics_win32.ini" [E:\projects\Dwarf-Therapist\src\dfinstance.cpp:105] (DFInstance::DFInstance)
2018-Apr-15 16:04:13.644 INFO	core	adding valid layout "v0.44.08 (graphics) win32" checksum: "0x5abc6b3c" SHA: "de8d442014991efdbd3705ccad453e3793b32aa3" [E:\projects\Dwarf-Therapist\src\dfinstance.cpp:112] (DFInstance::DFInstance)
2018-Apr-15 16:04:13.644 INFO	core	opening layout "C:/Users/Aelforth/Documents/DFDev/Keepsake DF/Utilities/DwarfTherapist/share/memory_layouts/windows/v0.44.08_graphics_win64.ini" [E:\projects\Dwarf-Therapist\src\dfinstance.cpp:105] (DFInstance::DFInstance)
2018-Apr-15 16:04:13.645 INFO	core	adding valid layout "v0.44.08 (graphics) win64" checksum: "0x5abc72b1" SHA: "1b2fb38022e8862c0ff3bc999a4f2759848a3714" [E:\projects\Dwarf-Therapist\src\dfinstance.cpp:112] (DFInstance::DFInstance)
2018-Apr-15 16:04:13.645 INFO	core	opening layout "C:/Users/Aelforth/Documents/DFDev/Keepsake DF/Utilities/DwarfTherapist/share/memory_layouts/windows/v0.44.09_graphics_win32.ini" [E:\projects\Dwarf-Therapist\src\dfinstance.cpp:105] (DFInstance::DFInstance)
2018-Apr-15 16:04:13.646 INFO	core	adding valid layout "v0.44.09 (graphics) win32" checksum: "0x5ac04796" SHA: "6f2b799d0590eb74869fadfb279861a9488bce3b" [E:\projects\Dwarf-Therapist\src\dfinstance.cpp:112] (DFInstance::DFInstance)
2018-Apr-15 16:04:13.646 INFO	core	opening layout "C:/Users/Aelforth/Documents/DFDev/Keepsake DF/Utilities/DwarfTherapist/share/memory_layouts/windows/v0.44.09_graphics_win64.ini" [E:\projects\Dwarf-Therapist\src\dfinstance.cpp:105] (DFInstance::DFInstance)
2018-Apr-15 16:04:13.647 INFO	core	adding valid layout "v0.44.09 (graphics) win64" checksum: "0x5ac04f66" SHA: "15e673ab9bffd92da293d8d9b2009b980c54d461" [E:\projects\Dwarf-Therapist\src\dfinstance.cpp:112] (DFInstance::DFInstance)
2018-Apr-15 16:04:13.648 INFO	core	opening layout "C:/Users/Aelforth/Documents/DFDev/Keepsake DF/Utilities/DwarfTherapist/share/memory_layouts/windows/v0.42.01_graphics_win.ini" [E:\projects\Dwarf-Therapist\src\dfinstance.cpp:105] (DFInstance::DFInstance)
2018-Apr-15 16:04:13.649 INFO	core	ignoring already added layout, checksum: "0x565ca0e6" [E:\projects\Dwarf-Therapist\src\dfinstance.cpp:115] (DFInstance::DFInstance)
2018-Apr-15 16:04:13.649 INFO	core	opening layout "C:/Users/Aelforth/Documents/DFDev/Keepsake DF/Utilities/DwarfTherapist/share/memory_layouts/windows/v0.42.02_graphics_win.ini" [E:\projects\Dwarf-Therapist\src\dfinstance.cpp:105] (DFInstance::DFInstance)
2018-Apr-15 16:04:13.650 INFO	core	ignoring already added layout, checksum: "0x56633788" [E:\projects\Dwarf-Therapist\src\dfinstance.cpp:115] (DFInstance::DFInstance)
2018-Apr-15 16:04:13.650 INFO	core	opening layout "C:/Users/Aelforth/Documents/DFDev/Keepsake DF/Utilities/DwarfTherapist/share/memory_layouts/windows/v0.42.03_graphics_win.ini" [E:\projects\Dwarf-Therapist\src\dfinstance.cpp:105] (DFInstance::DFInstance)
2018-Apr-15 16:04:13.650 INFO	core	ignoring already added layout, checksum: "0x566c7776" [E:\projects\Dwarf-Therapist\src\dfinstance.cpp:115] (DFInstance::DFInstance)
2018-Apr-15 16:04:13.650 INFO	core	opening layout "C:/Users/Aelforth/Documents/DFDev/Keepsake DF/Utilities/DwarfTherapist/share/memory_layouts/windows/v0.42.04_graphics_win.ini" [E:\projects\Dwarf-Therapist\src\dfinstance.cpp:105] (DFInstance::DFInstance)
2018-Apr-15 16:04:13.651 INFO	core	ignoring already added layout, checksum: "0x567ef345" [E:\projects\Dwarf-Therapist\src\dfinstance.cpp:115] (DFInstance::DFInstance)
2018-Apr-15 16:04:13.651 INFO	core	opening layout "C:/Users/Aelforth/Documents/DFDev/Keepsake DF/Utilities/DwarfTherapist/share/memory_layouts/windows/v0.42.05_graphics_win.ini" [E:\projects\Dwarf-Therapist\src\dfinstance.cpp:105] (DFInstance::DFInstance)
2018-Apr-15 16:04:13.652 INFO	core	ignoring already added layout, checksum: "0x569bf3df" [E:\projects\Dwarf-Therapist\src\dfinstance.cpp:115] (DFInstance::DFInstance)
2018-Apr-15 16:04:13.652 INFO	core	opening layout "C:/Users/Aelforth/Documents/DFDev/Keepsake DF/Utilities/DwarfTherapist/share/memory_layouts/windows/v0.42.06_graphics_win.ini" [E:\projects\Dwarf-Therapist\src\dfinstance.cpp:105] (DFInstance::DFInstance)
2018-Apr-15 16:04:13.653 INFO	core	ignoring already added layout, checksum: "0x56bba192" [E:\projects\Dwarf-Therapist\src\dfinstance.cpp:115] (DFInstance::DFInstance)
2018-Apr-15 16:04:13.653 INFO	core	opening layout "C:/Users/Aelforth/Documents/DFDev/Keepsake DF/Utilities/DwarfTherapist/share/memory_layouts/windows/v0.43.01_graphics_win.ini" [E:\projects\Dwarf-Therapist\src\dfinstance.cpp:105] (DFInstance::DFInstance)
2018-Apr-15 16:04:13.653 INFO	core	ignoring already added layout, checksum: "0x5731022d" [E:\projects\Dwarf-Therapist\src\dfinstance.cpp:115] (DFInstance::DFInstance)
2018-Apr-15 16:04:13.653 INFO	core	opening layout "C:/Users/Aelforth/Documents/DFDev/Keepsake DF/Utilities/DwarfTherapist/share/memory_layouts/windows/v0.43.02_graphics_win.ini" [E:\projects\Dwarf-Therapist\src\dfinstance.cpp:105] (DFInstance::DFInstance)
2018-Apr-15 16:04:13.654 INFO	core	ignoring already added layout, checksum: "0x5733848a" [E:\projects\Dwarf-Therapist\src\dfinstance.cpp:115] (DFInstance::DFInstance)
2018-Apr-15 16:04:13.654 INFO	core	opening layout "C:/Users/Aelforth/Documents/DFDev/Keepsake DF/Utilities/DwarfTherapist/share/memory_layouts/windows/v0.43.03_graphics_win.ini" [E:\projects\Dwarf-Therapist\src\dfinstance.cpp:105] (DFInstance::DFInstance)
2018-Apr-15 16:04:13.655 INFO	core	ignoring already added layout, checksum: "0x57420c94" [E:\projects\Dwarf-Therapist\src\dfinstance.cpp:115] (DFInstance::DFInstance)
2018-Apr-15 16:04:13.655 INFO	core	opening layout "C:/Users/Aelforth/Documents/DFDev/Keepsake DF/Utilities/DwarfTherapist/share/memory_layouts/windows/v0.43.05_graphics_win32.ini" [E:\projects\Dwarf-Therapist\src\dfinstance.cpp:105] (DFInstance::DFInstance)
2018-Apr-15 16:04:13.655 INFO	core	ignoring already added layout, checksum: "0x577b57ff" [E:\projects\Dwarf-Therapist\src\dfinstance.cpp:115] (DFInstance::DFInstance)
2018-Apr-15 16:04:13.655 INFO	core	opening layout "C:/Users/Aelforth/Documents/DFDev/Keepsake DF/Utilities/DwarfTherapist/share/memory_layouts/windows/v0.43.05_graphics_win64.ini" [E:\projects\Dwarf-Therapist\src\dfinstance.cpp:105] (DFInstance::DFInstance)
2018-Apr-15 16:04:13.656 INFO	core	ignoring already added layout, checksum: "0x577b5e93" [E:\projects\Dwarf-Therapist\src\dfinstance.cpp:115] (DFInstance::DFInstance)
2018-Apr-15 16:04:13.656 INFO	core	opening layout "C:/Users/Aelforth/Documents/DFDev/Keepsake DF/Utilities/DwarfTherapist/share/memory_layouts/windows/v0.44.02_graphics_win32.ini" [E:\projects\Dwarf-Therapist\src\dfinstance.cpp:105] (DFInstance::DFInstance)
2018-Apr-15 16:04:13.657 INFO	core	ignoring already added layout, checksum: "0x5a175fbd" [E:\projects\Dwarf-Therapist\src\dfinstance.cpp:115] (DFInstance::DFInstance)
2018-Apr-15 16:04:13.657 INFO	core	opening layout "C:/Users/Aelforth/Documents/DFDev/Keepsake DF/Utilities/DwarfTherapist/share/memory_layouts/windows/v0.44.02_graphics_win64.ini" [E:\projects\Dwarf-Therapist\src\dfinstance.cpp:105] (DFInstance::DFInstance)
2018-Apr-15 16:04:13.657 INFO	core	ignoring already added layout, checksum: "0x5a176770" [E:\projects\Dwarf-Therapist\src\dfinstance.cpp:115] (DFInstance::DFInstance)
2018-Apr-15 16:04:13.657 INFO	core	opening layout "C:/Users/Aelforth/Documents/DFDev/Keepsake DF/Utilities/DwarfTherapist/share/memory_layouts/windows/v0.44.03_graphics_win32.ini" [E:\projects\Dwarf-Therapist\src\dfinstance.cpp:105] (DFInstance::DFInstance)
2018-Apr-15 16:04:13.658 INFO	core	ignoring already added layout, checksum: "0x5a40bfbf" [E:\projects\Dwarf-Therapist\src\dfinstance.cpp:115] (DFInstance::DFInstance)
2018-Apr-15 16:04:13.658 INFO	core	opening layout "C:/Users/Aelforth/Documents/DFDev/Keepsake DF/Utilities/DwarfTherapist/share/memory_layouts/windows/v0.44.03_graphics_win64.ini" [E:\projects\Dwarf-Therapist\src\dfinstance.cpp:105] (DFInstance::DFInstance)
2018-Apr-15 16:04:13.659 INFO	core	ignoring already added layout, checksum: "0x5a40c6db" [E:\projects\Dwarf-Therapist\src\dfinstance.cpp:115] (DFInstance::DFInstance)
2018-Apr-15 16:04:13.659 INFO	core	opening layout "C:/Users/Aelforth/Documents/DFDev/Keepsake DF/Utilities/DwarfTherapist/share/memory_layouts/windows/v0.44.04_graphics_win32.ini" [E:\projects\Dwarf-Therapist\src\dfinstance.cpp:105] (DFInstance::DFInstance)
2018-Apr-15 16:04:13.659 INFO	core	ignoring already added layout, checksum: "0x5a5687e6" [E:\projects\Dwarf-Therapist\src\dfinstance.cpp:115] (DFInstance::DFInstance)
2018-Apr-15 16:04:13.659 INFO	core	opening layout "C:/Users/Aelforth/Documents/DFDev/Keepsake DF/Utilities/DwarfTherapist/share/memory_layouts/windows/v0.44.04_graphics_win64.ini" [E:\projects\Dwarf-Therapist\src\dfinstance.cpp:105] (DFInstance::DFInstance)
2018-Apr-15 16:04:13.660 INFO	core	ignoring already added layout, checksum: "0x5a568f07" [E:\projects\Dwarf-Therapist\src\dfinstance.cpp:115] (DFInstance::DFInstance)
2018-Apr-15 16:04:13.660 INFO	core	opening layout "C:/Users/Aelforth/Documents/DFDev/Keepsake DF/Utilities/DwarfTherapist/share/memory_layouts/windows/v0.44.05_graphics_win32.ini" [E:\projects\Dwarf-Therapist\src\dfinstance.cpp:105] (DFInstance::DFInstance)
2018-Apr-15 16:04:13.661 INFO	core	ignoring already added layout, checksum: "0x5a5bb383" [E:\projects\Dwarf-Therapist\src\dfinstance.cpp:115] (DFInstance::DFInstance)
2018-Apr-15 16:04:13.661 INFO	core	opening layout "C:/Users/Aelforth/Documents/DFDev/Keepsake DF/Utilities/DwarfTherapist/share/memory_layouts/windows/v0.44.05_graphics_win64.ini" [E:\projects\Dwarf-Therapist\src\dfinstance.cpp:105] (DFInstance::DFInstance)
2018-Apr-15 16:04:13.661 INFO	core	ignoring already added layout, checksum: "0x5a5bbc62" [E:\projects\Dwarf-Therapist\src\dfinstance.cpp:115] (DFInstance::DFInstance)
2018-Apr-15 16:04:13.661 INFO	core	opening layout "C:/Users/Aelforth/Documents/DFDev/Keepsake DF/Utilities/DwarfTherapist/share/memory_layouts/windows/v0.44.06_graphics_win32.ini" [E:\projects\Dwarf-Therapist\src\dfinstance.cpp:105] (DFInstance::DFInstance)
2018-Apr-15 16:04:13.662 INFO	core	ignoring already added layout, checksum: "0x5aa2ef43" [E:\projects\Dwarf-Therapist\src\dfinstance.cpp:115] (DFInstance::DFInstance)
2018-Apr-15 16:04:13.662 INFO	core	opening layout "C:/Users/Aelforth/Documents/DFDev/Keepsake DF/Utilities/DwarfTherapist/share/memory_layouts/windows/v0.44.06_graphics_win64.ini" [E:\projects\Dwarf-Therapist\src\dfinstance.cpp:105] (DFInstance::DFInstance)
2018-Apr-15 16:04:13.663 INFO	core	ignoring already added layout, checksum: "0x5aa2f81a" [E:\projects\Dwarf-Therapist\src\dfinstance.cpp:115] (DFInstance::DFInstance)
2018-Apr-15 16:04:13.663 INFO	core	opening layout "C:/Users/Aelforth/Documents/DFDev/Keepsake DF/Utilities/DwarfTherapist/share/memory_layouts/windows/v0.44.07_graphics_win32.ini" [E:\projects\Dwarf-Therapist\src\dfinstance.cpp:105] (DFInstance::DFInstance)
2018-Apr-15 16:04:13.663 INFO	core	ignoring already added layout, checksum: "0x5aa6e660" [E:\projects\Dwarf-Therapist\src\dfinstance.cpp:115] (DFInstance::DFInstance)
2018-Apr-15 16:04:13.663 INFO	core	opening layout "C:/Users/Aelforth/Documents/DFDev/Keepsake DF/Utilities/DwarfTherapist/share/memory_layouts/windows/v0.44.07_graphics_win64.ini" [E:\projects\Dwarf-Therapist\src\dfinstance.cpp:105] (DFInstance::DFInstance)
2018-Apr-15 16:04:13.664 INFO	core	ignoring already added layout, checksum: "0x5aa6ed50" [E:\projects\Dwarf-Therapist\src\dfinstance.cpp:115] (DFInstance::DFInstance)
2018-Apr-15 16:04:13.664 INFO	core	opening layout "C:/Users/Aelforth/Documents/DFDev/Keepsake DF/Utilities/DwarfTherapist/share/memory_layouts/windows/v0.44.08_graphics_win32.ini" [E:\projects\Dwarf-Therapist\src\dfinstance.cpp:105] (DFInstance::DFInstance)
2018-Apr-15 16:04:13.665 INFO	core	ignoring already added layout, checksum: "0x5abc6b3c" [E:\projects\Dwarf-Therapist\src\dfinstance.cpp:115] (DFInstance::DFInstance)
2018-Apr-15 16:04:13.665 INFO	core	opening layout "C:/Users/Aelforth/Documents/DFDev/Keepsake DF/Utilities/DwarfTherapist/share/memory_layouts/windows/v0.44.08_graphics_win64.ini" [E:\projects\Dwarf-Therapist\src\dfinstance.cpp:105] (DFInstance::DFInstance)
2018-Apr-15 16:04:13.665 INFO	core	ignoring already added layout, checksum: "0x5abc72b1" [E:\projects\Dwarf-Therapist\src\dfinstance.cpp:115] (DFInstance::DFInstance)
2018-Apr-15 16:04:13.665 INFO	core	opening layout "C:/Users/Aelforth/Documents/DFDev/Keepsake DF/Utilities/DwarfTherapist/share/memory_layouts/windows/v0.44.09_graphics_win32.ini" [E:\projects\Dwarf-Therapist\src\dfinstance.cpp:105] (DFInstance::DFInstance)
2018-Apr-15 16:04:13.666 INFO	core	ignoring already added layout, checksum: "0x5ac04796" [E:\projects\Dwarf-Therapist\src\dfinstance.cpp:115] (DFInstance::DFInstance)
2018-Apr-15 16:04:13.666 INFO	core	opening layout "C:/Users/Aelforth/Documents/DFDev/Keepsake DF/Utilities/DwarfTherapist/share/memory_layouts/windows/v0.44.09_graphics_win64.ini" [E:\projects\Dwarf-Therapist\src\dfinstance.cpp:105] (DFInstance::DFInstance)
2018-Apr-15 16:04:13.667 INFO	core	ignoring already added layout, checksum: "0x5ac04f66" [E:\projects\Dwarf-Therapist\src\dfinstance.cpp:115] (DFInstance::DFInstance)
2018-Apr-15 16:04:13.667 INFO	core	attempting to find running copy of DF [E:\projects\Dwarf-Therapist\src\dfinstancewindows.cpp:236] (DFInstanceWindows::find_running_copy)
2018-Apr-15 16:04:13.673 INFO	core	PID of process is:  14884 [E:\projects\Dwarf-Therapist\src\dfinstancewindows.cpp:242] (DFInstanceWindows::find_running_copy)
2018-Apr-15 16:04:13.673 INFO	core	PROC HANDLE: 0x554 [E:\projects\Dwarf-Therapist\src\dfinstancewindows.cpp:252] (DFInstanceWindows::find_running_copy)
2018-Apr-15 16:04:13.675 INFO	core	RAW BASE ADDRESS: 140699346731008 [E:\projects\Dwarf-Therapist\src\dfinstancewindows.cpp:283] (DFInstanceWindows::find_running_copy)
2018-Apr-15 16:04:13.675 INFO	core	Target EXE was compiled at  "2018-03-31T22:17:58" [E:\projects\Dwarf-Therapist\src\dfinstancewindows.cpp:78] (DFInstanceWindows::calculate_checksum)
2018-Apr-15 16:04:13.675 INFO	core	Setting memory layout for DF checksum "0x5ac04f66" [E:\projects\Dwarf-Therapist\src\dfinstance.cpp:1086] (DFInstance::set_memory_layout)
2018-Apr-15 16:04:13.675 INFO	core	Detected Dwarf Fortress version "v0.44.09 (graphics) win64" using MemoryLayout from "C:/Users/Aelforth/Documents/DFDev/Keepsake DF/Utilities/DwarfTherapist/share/memory_layouts/windows/v0.44.09_graphics_win64.ini" [E:\projects\Dwarf-Therapist\src\dfinstance.cpp:1091] (DFInstance::set_memory_layout)
2018-Apr-15 16:04:13.675 INFO	core	GetModuleFileNameEx returned:  "C:\\Users\\Aelforth\\Documents\\DFDev\\Keepsake DF\\Dwarf Fortress\\Dwarf Fortress.exe" [E:\projects\Dwarf-Therapist\src\dfinstancewindows.cpp:316] (DFInstanceWindows::find_running_copy)
2018-Apr-15 16:04:13.675 INFO	core	Dwarf Fortress path: "C:/Users/Aelforth/Documents/DFDev/Keepsake DF/Dwarf Fortress" [E:\projects\Dwarf-Therapist\src\dfinstancewindows.cpp:319] (DFInstanceWindows::find_running_copy)
2018-Apr-15 16:04:13.675 INFO	core	Checking for layout for checksum:  "0x5ac04f66" [E:\projects\Dwarf-Therapist\src\updater.cpp:133] (Updater::check_layouts)
2018-Apr-15 16:04:13.785 INFO	core	Setting memory layout for DF checksum "0x5ac04f66" [E:\projects\Dwarf-Therapist\src\dfinstance.cpp:1086] (DFInstance::set_memory_layout)
2018-Apr-15 16:04:13.785 INFO	core	Detected Dwarf Fortress version "v0.44.09 (graphics) win64" using MemoryLayout from "C:/Users/Aelforth/Documents/DFDev/Keepsake DF/Utilities/DwarfTherapist/share/memory_layouts/windows/v0.44.09_graphics_win64.ini" [E:\projects\Dwarf-Therapist\src\dfinstance.cpp:1091] (DFInstance::set_memory_layout)
2018-Apr-15 16:04:13.786 INFO	core	Connection to DF version "v0.44.09 (graphics) win64" established. [E:\projects\Dwarf-Therapist\src\mainwindow.cpp:430] (MainWindow::connect_to_df)
2018-Apr-15 16:04:14.169 INFO	core	Loading built-in default gridviews [E:\projects\Dwarf-Therapist\src\viewmanager.cpp:134] (ViewManager::reload_views)
2018-Apr-15 16:04:14.178 INFO	core	Loaded 12 views from disk [E:\projects\Dwarf-Therapist\src\viewmanager.cpp:174] (ViewManager::reload_views)
2018-Apr-15 16:04:14.181 INFO	core	group_by now set to 0  for view  "Labors Full" [E:\projects\Dwarf-Therapist\src\dwarfmodel.cpp:789] (DwarfModel::set_group_by)
2018-Apr-15 16:04:14.184 INFO	core	group_by now set to 0  for view  "Military" [E:\projects\Dwarf-Therapist\src\dwarfmodel.cpp:789] (DwarfModel::set_group_by)
2018-Apr-15 16:04:14.187 INFO	core	group_by now set to 0  for view  "Other Skills" [E:\projects\Dwarf-Therapist\src\dwarfmodel.cpp:789] (DwarfModel::set_group_by)
2018-Apr-15 16:04:14.190 INFO	core	group_by now set to 0  for view  "Attributes" [E:\projects\Dwarf-Therapist\src\dwarfmodel.cpp:789] (DwarfModel::set_group_by)
2018-Apr-15 16:04:14.193 INFO	core	group_by now set to 0  for view  "Roles" [E:\projects\Dwarf-Therapist\src\dwarfmodel.cpp:789] (DwarfModel::set_group_by)
2018-Apr-15 16:04:14.195 INFO	core	group_by now set to 0  for view  "Animals" [E:\projects\Dwarf-Therapist\src\dwarfmodel.cpp:789] (DwarfModel::set_group_by)
2018-Apr-15 16:04:14.196 INFO	core	group_by now set to 0  for view  "Labors Full" [E:\projects\Dwarf-Therapist\src\dwarfmodel.cpp:789] (DwarfModel::set_group_by)
2018-Apr-15 16:04:14.196 INFO	core	"redrew views in 17ms" [E:\projects\Dwarf-Therapist\src\viewmanager.cpp:322] (ViewManager::draw_views)
2018-Apr-15 16:04:14.196 INFO	core	current year: 5 [E:\projects\Dwarf-Therapist\src\dfinstance.cpp:789] (DFInstance::refresh_data)
2018-Apr-15 16:04:14.200 INFO	core	FOUND 1 squads [E:\projects\Dwarf-Therapist\src\dfinstance.cpp:880] (DFInstance::load_squads)
2018-Apr-15 16:04:14.207 INFO	core	using active units [E:\projects\Dwarf-Therapist\src\dfinstance.cpp:956] (DFInstance::get_creatures)
2018-Apr-15 16:04:14.207 INFO	core	no active units with our civ (reclaim), using full unit list [E:\projects\Dwarf-Therapist\src\dfinstance.cpp:962] (DFInstance::get_creatures)
2018-Apr-15 16:04:14.213 INFO	core	"FOUND Dwarf (0x0000026196db5ce0) name:Kadol Al?thdesis id:497 histfig_id:561" [E:\projects\Dwarf-Therapist\src\dwarf.cpp:309] (Dwarf::read_data)
2018-Apr-15 16:04:14.217 INFO	core	"FOUND Dwarf (0x0000026196dbad20) name:Aban Edt?lilral id:498 histfig_id:562" [E:\projects\Dwarf-Therapist\src\dwarf.cpp:309] (Dwarf::read_data)
2018-Apr-15 16:04:14.224 INFO	core	"FOUND Dwarf (0x0000026196db70f0) name:Shorast Zononshen id:499 histfig_id:563" [E:\projects\Dwarf-Therapist\src\dwarf.cpp:309] (Dwarf::read_data)
2018-Apr-15 16:04:14.227 INFO	core	"FOUND Dwarf (0x0000026196db8500) name:Besmar Domasazin id:500 histfig_id:564" [E:\projects\Dwarf-Therapist\src\dwarf.cpp:309] (Dwarf::read_data)
2018-Apr-15 16:04:14.231 INFO	core	"FOUND Dwarf (0x0000026196db9910) name:Rakust Stigazastesh id:501 histfig_id:565" [E:\projects\Dwarf-Therapist\src\dwarf.cpp:309] (Dwarf::read_data)
2018-Apr-15 16:04:14.235 INFO	core	"FOUND Dwarf (0x0000026196db20b0) name:Cog Idat?s id:502 histfig_id:566" [E:\projects\Dwarf-Therapist\src\dwarf.cpp:309] (Dwarf::read_data)
2018-Apr-15 16:04:14.238 INFO	core	"FOUND Dwarf (0x0000026196dbc130) name:Urvad Sigun?ntak id:503 histfig_id:567" [E:\projects\Dwarf-Therapist\src\dwarf.cpp:309] (Dwarf::read_data)
2018-Apr-15 16:04:14.240 INFO	core	"FOUND Dog (0x0000026196db34c0) name:Dog id:504 histfig_id:-1" [E:\projects\Dwarf-Therapist\src\dwarf.cpp:309] (Dwarf::read_data)
2018-Apr-15 16:04:14.240 INFO	core	"FOUND Dog (0x0000026196dbd540) name:Dog id:505 histfig_id:-1" [E:\projects\Dwarf-Therapist\src\dwarf.cpp:309] (Dwarf::read_data)
2018-Apr-15 16:04:14.241 INFO	core	"FOUND Cat (0x0000026196db48d0) name:Cat id:506 histfig_id:-1" [E:\projects\Dwarf-Therapist\src\dwarf.cpp:309] (Dwarf::read_data)
2018-Apr-15 16:04:14.242 INFO	core	"FOUND Cat (0x0000026196dc2580) name:Cat id:507 histfig_id:-1" [E:\projects\Dwarf-Therapist\src\dwarf.cpp:309] (Dwarf::read_data)
2018-Apr-15 16:04:14.243 INFO	core	"FOUND Horse (0x0000026196dc4da0) name:Horse id:508 histfig_id:-1" [E:\projects\Dwarf-Therapist\src\dwarf.cpp:309] (Dwarf::read_data)
2018-Apr-15 16:04:14.243 INFO	core	"FOUND Horse (0x0000026196dc3990) name:Horse id:509 histfig_id:-1" [E:\projects\Dwarf-Therapist\src\dwarf.cpp:309] (Dwarf::read_data)
2018-Apr-15 16:04:14.257 INFO	core	read 13 units in 49 ms [E:\projects\Dwarf-Therapist\src\dfinstance.cpp:404] (DFInstance::load_dwarves)
2018-Apr-15 16:04:14.262 INFO	core	calculated roles in 5 ms [E:\projects\Dwarf-Therapist\src\dfinstance.cpp:416] (DFInstance::load_dwarves)
2018-Apr-15 16:04:14.262 INFO	core	loaded population data in 0 ms [E:\projects\Dwarf-Therapist\src\dfinstance.cpp:421] (DFInstance::load_dwarves)
2018-Apr-15 16:04:14.272 INFO	core	found 13 units out of 49 creatures [E:\projects\Dwarf-Therapist\src\dfinstance.cpp:435] (DFInstance::load_dwarves)
2018-Apr-15 16:04:14.296 INFO	core	group_by now set to 0  for view  "Labors Full" [E:\projects\Dwarf-Therapist\src\dwarfmodel.cpp:789] (DwarfModel::set_group_by)
2018-Apr-15 16:04:14.322 INFO	core	loaded rows for "Labors Full" 26 ms [E:\projects\Dwarf-Therapist\src\dwarfmodel.cpp:795] (DwarfModel::set_group_by)
2018-Apr-15 16:04:15.821 INFO	core	completed read in 1625 ms [E:\projects\Dwarf-Therapist\src\mainwindow.cpp:626] (MainWindow::read_dwarves)
2018-Apr-15 16:04:32.513 INFO	core	FOUND 1 squads [E:\projects\Dwarf-Therapist\src\dfinstance.cpp:880] (DFInstance::load_squads)
2018-Apr-15 16:04:32.525 INFO	core	using active units [E:\projects\Dwarf-Therapist\src\dfinstance.cpp:956] (DFInstance::get_creatures)
2018-Apr-15 16:04:32.525 INFO	core	no active units with our civ (reclaim), using full unit list [E:\projects\Dwarf-Therapist\src\dfinstance.cpp:962] (DFInstance::get_creatures)
2018-Apr-15 16:04:32.529 INFO	core	"FOUND Dwarf (0x0000026196db5ce0) name:Kadol Al?thdesis id:497 histfig_id:561" [E:\projects\Dwarf-Therapist\src\dwarf.cpp:309] (Dwarf::read_data)
2018-Apr-15 16:04:32.531 INFO	core	"FOUND Dwarf (0x0000026196dbad20) name:Aban Edt?lilral id:498 histfig_id:562" [E:\projects\Dwarf-Therapist\src\dwarf.cpp:309] (Dwarf::read_data)
2018-Apr-15 16:04:32.534 INFO	core	"FOUND Dwarf (0x0000026196db70f0) name:Shorast Zononshen id:499 histfig_id:563" [E:\projects\Dwarf-Therapist\src\dwarf.cpp:309] (Dwarf::read_data)
2018-Apr-15 16:04:32.537 INFO	core	"FOUND Dwarf (0x0000026196db8500) name:Besmar Domasazin id:500 histfig_id:564" [E:\projects\Dwarf-Therapist\src\dwarf.cpp:309] (Dwarf::read_data)
2018-Apr-15 16:04:32.540 INFO	core	"FOUND Dwarf (0x0000026196db9910) name:Rakust Stigazastesh id:501 histfig_id:565" [E:\projects\Dwarf-Therapist\src\dwarf.cpp:309] (Dwarf::read_data)
2018-Apr-15 16:04:32.543 INFO	core	"FOUND Dwarf (0x0000026196db20b0) name:Cog Idat?s id:502 histfig_id:566" [E:\projects\Dwarf-Therapist\src\dwarf.cpp:309] (Dwarf::read_data)
2018-Apr-15 16:04:32.546 INFO	core	"FOUND Dwarf (0x0000026196dbc130) name:Urvad Sigun?ntak id:503 histfig_id:567" [E:\projects\Dwarf-Therapist\src\dwarf.cpp:309] (Dwarf::read_data)
2018-Apr-15 16:04:32.546 INFO	core	"FOUND Dog (0x0000026196db34c0) name:Dog id:504 histfig_id:-1" [E:\projects\Dwarf-Therapist\src\dwarf.cpp:309] (Dwarf::read_data)
2018-Apr-15 16:04:32.547 INFO	core	"FOUND Dog (0x0000026196dbd540) name:Dog id:505 histfig_id:-1" [E:\projects\Dwarf-Therapist\src\dwarf.cpp:309] (Dwarf::read_data)
2018-Apr-15 16:04:32.548 INFO	core	"FOUND Cat (0x0000026196db48d0) name:Cat id:506 histfig_id:-1" [E:\projects\Dwarf-Therapist\src\dwarf.cpp:309] (Dwarf::read_data)
2018-Apr-15 16:04:32.548 INFO	core	"FOUND Cat (0x0000026196dc2580) name:Cat id:507 histfig_id:-1" [E:\projects\Dwarf-Therapist\src\dwarf.cpp:309] (Dwarf::read_data)
2018-Apr-15 16:04:32.549 INFO	core	"FOUND Horse (0x0000026196dc4da0) name:Horse id:508 histfig_id:-1" [E:\projects\Dwarf-Therapist\src\dwarf.cpp:309] (Dwarf::read_data)
2018-Apr-15 16:04:32.549 INFO	core	"FOUND Horse (0x0000026196dc3990) name:Horse id:509 histfig_id:-1" [E:\projects\Dwarf-Therapist\src\dwarf.cpp:309] (Dwarf::read_data)
2018-Apr-15 16:04:32.565 INFO	core	read 13 units in 38 ms [E:\projects\Dwarf-Therapist\src\dfinstance.cpp:404] (DFInstance::load_dwarves)
2018-Apr-15 16:04:32.570 INFO	core	calculated roles in 5 ms [E:\projects\Dwarf-Therapist\src\dfinstance.cpp:416] (DFInstance::load_dwarves)
2018-Apr-15 16:04:32.570 INFO	core	loaded population data in 0 ms [E:\projects\Dwarf-Therapist\src\dfinstance.cpp:421] (DFInstance::load_dwarves)
2018-Apr-15 16:04:32.580 INFO	core	found 13 units out of 49 creatures [E:\projects\Dwarf-Therapist\src\dfinstance.cpp:435] (DFInstance::load_dwarves)
2018-Apr-15 16:04:32.584 INFO	core	group_by now set to 0  for view  "Labors Full" [E:\projects\Dwarf-Therapist\src\dwarfmodel.cpp:789] (DwarfModel::set_group_by)
2018-Apr-15 16:04:32.608 INFO	core	loaded rows for "Labors Full" 24 ms [E:\projects\Dwarf-Therapist\src\dwarfmodel.cpp:795] (DwarfModel::set_group_by)
2018-Apr-15 16:13:37.657 INFO	core	Beginning shutdown [E:\projects\Dwarf-Therapist\src\mainwindow.cpp:381] (MainWindow::closeEvent)
2018-Apr-15 16:13:37.657 INFO	core	beginning to write settings [E:\projects\Dwarf-Therapist\src\mainwindow.cpp:358] (MainWindow::write_settings)
2018-Apr-15 16:13:37.659 INFO	core	finished writing settings [E:\projects\Dwarf-Therapist\src\mainwindow.cpp:376] (MainWindow::write_settings)
2018-Apr-15 16:13:37.659 INFO	core	Closing Dwarf Therapist normally [E:\projects\Dwarf-Therapist\src\mainwindow.cpp:387] (MainWindow::closeEvent)
