DFHack build: 0.44.09-r1-0-gb6311ec6
Identifying DF version.
Loading hack\symbols.xml ... OK
v0.44.07 SDL win32 (windows): PE: 0x5AA6E660
v0.44.07 SDL win64 (windows): PE: 0x5AA6ED50
v0.44.08 SDL win32 (windows): PE: 0x5ABC6B3C
v0.44.08 SDL win64 (windows): PE: 0x5ABC72B1
v0.44.09 SDL win32 (windows): PE: 0x5AC04796
v0.44.09 SDL win64 (windows): PE: 0x5AC04F66
v0.44.07 linux32 (linux): MD5: 2e215961dbf1262ff1db0b05e7f88df6
v0.44.07 linux64 (linux): MD5: dbbc23594e6e3d80bfa3a09843169a57
v0.44.07-test linux64 (linux): MD5: fe1f7ed14b345299fa4676559a97bbe4
v0.44.08 linux32 (linux): MD5: a36e4f13e8ff046f261ef75680babb85
v0.44.08 linux64 (linux): MD5: 31d71455e871f3aac77dbcb4c4f0f61a
v0.44.09 linux32 (linux): MD5: e6aff8f72a28993c6eb07bda35e4a383
v0.44.09 linux64 (linux): MD5: 621e2c82af1155e701a2020d0b174cf7
v0.44.07 osx32 (darwin): MD5: d9d9f9222b0258a8eb0ca103d38ca739
v0.44.07 osx64 (darwin): MD5: 305db2a47e8f3f4542e3d32d9f9dc000
v0.44.08 osx32 (darwin): MD5: 22c8fd166eba947313ff5d24f98c3f14
v0.44.08 osx64 (darwin): MD5: 89c1ab0d223085f8af7ec08169648649
v0.44.09 osx32 (darwin): MD5: c282e12ae46780dd8fb9dbcb4c482020
v0.44.09 osx64 (darwin): MD5: 5f5b1bf7b09ea2702a6b944cdea46732
Loaded 19 DF symbol tables.
Version: v0.44.09 SDL win64
Initializing Console.
Console is running.
Initializing Plugins.
loading plugin 3dveins
loaded plugin 3dveins; DFHack build 0.44.09-r1-0-gb6311ec6
loading plugin add-spatter
loaded plugin add-spatter; DFHack build 0.44.09-r1-0-gb6311ec6
loading plugin autochop
loaded plugin autochop; DFHack build 0.44.09-r1-0-gb6311ec6
loading plugin autodump
loaded plugin autodump; DFHack build 0.44.09-r1-0-gb6311ec6
loading plugin autogems
loaded plugin autogems; DFHack build 0.44.09-r1-0-gb6311ec6
loading plugin autohauler
loaded plugin autohauler; DFHack build 0.44.09-r1-0-gb6311ec6
loading plugin autolabor
loaded plugin autolabor; DFHack build 0.44.09-r1-0-gb6311ec6
loading plugin automaterial
loaded plugin automaterial; DFHack build 0.44.09-r1-0-gb6311ec6
loading plugin automelt
loaded plugin automelt; DFHack build 0.44.09-r1-0-gb6311ec6
loading plugin autotrade
loaded plugin autotrade; DFHack build 0.44.09-r1-0-gb6311ec6
loading plugin blueprint
loaded plugin blueprint; DFHack build 0.44.09-r1-0-gb6311ec6
loading plugin building-hacks
loaded plugin building-hacks; DFHack build 0.44.09-r1-0-gb6311ec6
loading plugin buildingplan
loaded plugin buildingplan; DFHack build 0.44.09-r1-0-gb6311ec6
loading plugin burrows
loaded plugin burrows; DFHack build 0.44.09-r1-0-gb6311ec6
loading plugin changeitem
loaded plugin changeitem; DFHack build 0.44.09-r1-0-gb6311ec6
loading plugin changelayer
loaded plugin changelayer; DFHack build 0.44.09-r1-0-gb6311ec6
loading plugin changevein
loaded plugin changevein; DFHack build 0.44.09-r1-0-gb6311ec6
loading plugin cleanconst
loaded plugin cleanconst; DFHack build 0.44.09-r1-0-gb6311ec6
loading plugin cleaners
loaded plugin cleaners; DFHack build 0.44.09-r1-0-gb6311ec6
loading plugin cleanowned
loaded plugin cleanowned; DFHack build 0.44.09-r1-0-gb6311ec6
loading plugin command-prompt
loaded plugin command-prompt; DFHack build 0.44.09-r1-0-gb6311ec6
loading plugin confirm
loaded plugin confirm; DFHack build 0.44.09-r1-0-gb6311ec6
loading plugin createitem
loaded plugin createitem; DFHack build 0.44.09-r1-0-gb6311ec6
loading plugin cursecheck
loaded plugin cursecheck; DFHack build 0.44.09-r1-0-gb6311ec6
loading plugin deramp
loaded plugin deramp; DFHack build 0.44.09-r1-0-gb6311ec6
loading plugin dig
loaded plugin dig; DFHack build 0.44.09-r1-0-gb6311ec6
loading plugin digFlood
loaded plugin digFlood; DFHack build 0.44.09-r1-0-gb6311ec6
loading plugin diggingInvaders
loaded plugin diggingInvaders; DFHack build 0.44.09-r1-0-gb6311ec6
loading plugin dwarfmonitor
loaded plugin dwarfmonitor; DFHack build 0.44.09-r1-0-gb6311ec6
loading plugin dwarfvet
loaded plugin dwarfvet; DFHack build 0.44.09-r1-0-gb6311ec6
loading plugin embark-assistant
loaded plugin embark-assistant; DFHack build 0.44.09-r1-0-gb6311ec6
loading plugin embark-tools
loaded plugin embark-tools; DFHack build 0.44.09-r1-0-gb6311ec6
loading plugin eventful
loaded plugin eventful; DFHack build 0.44.09-r1-0-gb6311ec6
loading plugin fastdwarf
loaded plugin fastdwarf; DFHack build 0.44.09-r1-0-gb6311ec6
loading plugin filltraffic
loaded plugin filltraffic; DFHack build 0.44.09-r1-0-gb6311ec6
loading plugin fix-armory
loaded plugin fix-armory; DFHack build 0.44.09-r1-0-gb6311ec6
loading plugin fix-unit-occupancy
loaded plugin fix-unit-occupancy; DFHack build 0.44.09-r1-0-gb6311ec6
loading plugin fixveins
loaded plugin fixveins; DFHack build 0.44.09-r1-0-gb6311ec6
loading plugin flows
loaded plugin flows; DFHack build 0.44.09-r1-0-gb6311ec6
loading plugin follow
loaded plugin follow; DFHack build 0.44.09-r1-0-gb6311ec6
loading plugin forceequip
loaded plugin forceequip; DFHack build 0.44.09-r1-0-gb6311ec6
loading plugin fortplan
loaded plugin fortplan; DFHack build 0.44.09-r1-0-gb6311ec6
loading plugin generated-creature-renamer
loaded plugin generated-creature-renamer; DFHack build 0.44.09-r1-0-gb6311ec6
loading plugin getplants
loaded plugin getplants; DFHack build 0.44.09-r1-0-gb6311ec6
loading plugin hotkeys
loaded plugin hotkeys; DFHack build 0.44.09-r1-0-gb6311ec6
loading plugin infiniteSky
loaded plugin infiniteSky; DFHack build 0.44.09-r1-0-gb6311ec6
loading plugin isoworldremote
loaded plugin isoworldremote; DFHack build 0.44.09-r1-0-gb6311ec6
loading plugin jobutils
loaded plugin jobutils; DFHack build 0.44.09-r1-0-gb6311ec6
loading plugin labormanager
loaded plugin labormanager; DFHack build 0.44.09-r1-0-gb6311ec6
loading plugin lair
loaded plugin lair; DFHack build 0.44.09-r1-0-gb6311ec6
loading plugin liquids
loaded plugin liquids; DFHack build 0.44.09-r1-0-gb6311ec6
loading plugin luasocket
loaded plugin luasocket; DFHack build 0.44.09-r1-0-gb6311ec6
loading plugin manipulator
loaded plugin manipulator; DFHack build 0.44.09-r1-0-gb6311ec6
loading plugin misery
loaded plugin misery; DFHack build 0.44.09-r1-0-gb6311ec6
loading plugin mode
loaded plugin mode; DFHack build 0.44.09-r1-0-gb6311ec6
loading plugin mousequery
loaded plugin mousequery; DFHack build 0.44.09-r1-0-gb6311ec6
loading plugin orders
loaded plugin orders; DFHack build 0.44.09-r1-0-gb6311ec6
loading plugin pathable
loaded plugin pathable; DFHack build 0.44.09-r1-0-gb6311ec6
loading plugin petcapRemover
loaded plugin petcapRemover; DFHack build 0.44.09-r1-0-gb6311ec6
loading plugin plants
loaded plugin plants; DFHack build 0.44.09-r1-0-gb6311ec6
loading plugin power-meter
loaded plugin power-meter; DFHack build 0.44.09-r1-0-gb6311ec6
loading plugin probe
loaded plugin probe; DFHack build 0.44.09-r1-0-gb6311ec6
loading plugin prospector
loaded plugin prospector; DFHack build 0.44.09-r1-0-gb6311ec6
loading plugin regrass
loaded plugin regrass; DFHack build 0.44.09-r1-0-gb6311ec6
loading plugin RemoteFortressReader
loaded plugin RemoteFortressReader; DFHack build 0.44.09-r1-0-gb6311ec6
loading plugin rename
loaded plugin rename; DFHack build 0.44.09-r1-0-gb6311ec6
loading plugin rendermax
loaded plugin rendermax; DFHack build 0.44.09-r1-0-gb6311ec6
loading plugin resume
loaded plugin resume; DFHack build 0.44.09-r1-0-gb6311ec6
loading plugin reveal
loaded plugin reveal; DFHack build 0.44.09-r1-0-gb6311ec6
loading plugin ruby
loaded plugin ruby; DFHack build 0.44.09-r1-0-gb6311ec6
loading plugin search
loaded plugin search; DFHack build 0.44.09-r1-0-gb6311ec6
loading plugin seedwatch
loaded plugin seedwatch; DFHack build 0.44.09-r1-0-gb6311ec6
loading plugin showmood
loaded plugin showmood; DFHack build 0.44.09-r1-0-gb6311ec6
loading plugin siege-engine
loaded plugin siege-engine; DFHack build 0.44.09-r1-0-gb6311ec6
loading plugin sort
loaded plugin sort; DFHack build 0.44.09-r1-0-gb6311ec6
loading plugin steam-engine
loaded plugin steam-engine; DFHack build 0.44.09-r1-0-gb6311ec6
loading plugin stockflow
loaded plugin stockflow; DFHack build 0.44.09-r1-0-gb6311ec6
loading plugin stockpiles
loaded plugin stockpiles; DFHack build 0.44.09-r1-0-gb6311ec6
loading plugin stocks
loaded plugin stocks; DFHack build 0.44.09-r1-0-gb6311ec6
loading plugin stonesense
loaded plugin stonesense; DFHack build 0.44.09-r1-0-gb6311ec6
loading plugin strangemood
loaded plugin strangemood; DFHack build 0.44.09-r1-0-gb6311ec6
loading plugin tiletypes
loaded plugin tiletypes; DFHack build 0.44.09-r1-0-gb6311ec6
loading plugin title-folder
loaded plugin title-folder; DFHack build 0.44.09-r1-0-gb6311ec6
loading plugin title-version
loaded plugin title-version; DFHack build 0.44.09-r1-0-gb6311ec6
loading plugin trackstop
loaded plugin trackstop; DFHack build 0.44.09-r1-0-gb6311ec6
loading plugin tubefill
loaded plugin tubefill; DFHack build 0.44.09-r1-0-gb6311ec6
loading plugin twbt
loaded plugin twbt; DFHack build 0.44.09-r1-0-gb6311ec6
loading plugin tweak
loaded plugin tweak; DFHack build 0.44.09-r1-0-gb6311ec6
loading plugin workflow
loaded plugin workflow; DFHack build 0.44.09-r1-0-gb6311ec6
loading plugin workNow
loaded plugin workNow; DFHack build 0.44.09-r1-0-gb6311ec6
loading plugin zone
loaded plugin zone; DFHack build 0.44.09-r1-0-gb6311ec6
Starting IO thread.
Starting DF input capture thread.
Starting the TCP listener.
Invoking: gui/no-dfhack-init
DFHack is running.
UNKNOWN CLASS 'dfhack_lua_viewscreen@DFHack': vtable = 0x7ff8e5a67638
Invoking: keybinding add Ctrl-F1 hotkeys
Invoking: keybinding add Alt-F1 hotkeys
Invoking: keybinding add Ctrl-W twaterlvl
Invoking: keybinding add Ctrl-V digv
Invoking: keybinding add Ctrl-Shift-V "digv x"
Invoking: keybinding add Ctrl-C spotclean
Invoking: keybinding add Ctrl-Shift-K autodump-destroy-here
Invoking: keybinding add Alt-Shift-I@dwarfmode/Zones "zone set"
Invoking: keybinding add Ctrl-K autodump-destroy-item
Invoking: keybinding add Ctrl-Alt-S@dwarfmode/Default quicksave
Invoking: keybinding add Ctrl-Shift-N gui/rename
Invoking: keybinding add Ctrl-Shift-T "gui/rename unit-profession"
Invoking: keybinding add Ctrl-Shift-P command-prompt
Invoking: keybinding add Alt-M@dwarfmode/Default "dwarfmonitor prefs"
Invoking: keybinding add Ctrl-F@dwarfmode/Default "dwarfmonitor stats"
Invoking: keybinding add Ctrl-Shift-F@dwarfmode forum-dwarves
Invoking: keybinding add Alt-S@title gui/settings-manager
Invoking: keybinding add Alt-S@dwarfmode/Default gui/settings-manager
Invoking: keybinding add Alt-Q@jobmanagement/Main gui/manager-quantity
Invoking: keybinding add Ctrl-Shift-R view-unit-reports
Invoking: keybinding add Ctrl-B@dungeonmode adv-bodyswap
Invoking: keybinding add Ctrl-Shift-B@dungeonmode "adv-bodyswap force"
Invoking: keybinding add Shift-O@dungeonmode gui/companion-order
Invoking: keybinding add Ctrl-A@legends "exportlegends all"
Invoking: keybinding add Ctrl-Shift-Z@dwarfmode/Default "stocks show"
Invoking: keybinding add Ctrl-Shift-I@dwarfmode/Default "gui/dfstatus"
Invoking: keybinding add Ctrl-Shift-I@dfhack/lua/dfstatus "gui/dfstatus"
Invoking: keybinding add Alt-P copystock
Invoking: keybinding add Alt-L@dwarfmode/QueryBuilding/Some/Stockpile "gui/stockpiles -load"
Invoking: keybinding add Alt-S@dwarfmode/QueryBuilding/Some/Stockpile "gui/stockpiles -save"
Invoking: keybinding add Ctrl-D job-duplicate
Invoking: keybinding add Shift-A "job-material ALUNITE"
Invoking: keybinding add Shift-M "job-material MICROCLINE"
Invoking: keybinding add Shift-D "job-material DACITE"
Invoking: keybinding add Shift-R "job-material RHYOLITE"
Invoking: keybinding add Shift-I "job-material CINNABAR"
Invoking: keybinding add Shift-B "job-material COBALTITE"
Invoking: keybinding add Shift-O "job-material OBSIDIAN"
Invoking: keybinding add Shift-T "job-material ORTHOCLASE"
Invoking: keybinding add Shift-G "job-material GLASS_GREEN"
Invoking: keybinding add Alt-Shift-N "sort-units name" "sort-items description"
Invoking: keybinding add Alt-Shift-R "sort-units arrival"
Invoking: keybinding add Alt-Shift-T "sort-units profession" "sort-items type material"
Invoking: keybinding add Alt-Shift-Q "sort-units squad_position" "sort-items quality"
Invoking: keybinding add Ctrl-M@dwarfmode/QueryBuilding/Some gui/mechanisms
Invoking: keybinding add Alt-R@dwarfmode/QueryBuilding/Some gui/room-list
Invoking: keybinding add Alt-L@dwarfmode/LookAround gui/liquids
Invoking: keybinding add Ctrl-Shift-M@dwarfmode/Build/Position/Trap gui/power-meter
Invoking: keybinding add Alt-A@dwarfmode/QueryBuilding/Some/SiegeEngine gui/siege-engine
Invoking: keybinding add Ctrl-W@layer_military/Equip/Customize/View gui/choose-weapons
Invoking: keybinding add Ctrl-C@layer_military/Uniforms gui/clone-uniform
Invoking: keybinding add Alt-P@dwarfmode/Hauling/DefineStop/Cond/Guide gui/guide-path
Invoking: keybinding add Alt-A@dwarfmode/QueryBuilding/Some/Workshop/Job gui/workshop-job
Invoking: keybinding add Alt-W@dwarfmode/QueryBuilding/Some/Workshop/Job gui/workflow
Invoking: keybinding add Alt-W@overallstatus "gui/workflow status"
Invoking: keybinding add Alt-W@dfhack/lua/status_overlay "gui/workflow status"
Invoking: keybinding add Shift-B@pet/List/Unit "gui/autobutcher"
Invoking: keybinding add P@dwarfmode/QueryBuilding/Some/Weaponrack gui/assign-rack
Invoking: keybinding add Alt-Shift-P@dwarfmode/LookAround gui/pathable
Invoking: tweak stable-cursor
Enabled tweak stable-cursor (stable_cursor_hook::feed)
Invoking: tweak advmode-contained
Enabled tweak advmode-contained (advmode_contained_hook::feed)
Invoking: tweak fast-trade
Enabled tweak fast-trade (fast_trade_assign_hook::feed)
Enabled tweak fast-trade (fast_trade_select_hook::feed)
Invoking: tweak military-stable-assign
Enabled tweak military-stable-assign (military_assign_hook::feed)
Invoking: tweak military-color-assigned
Enabled tweak military-color-assigned (military_assign_hook::render)
Invoking: tweak craft-age-wear
Enabled tweak craft-age-wear (craft_age_wear_hook::ageItem)
Invoking: tweak farm-plot-select
Enabled tweak farm-plot-select (farm_select_hook::feed)
Enabled tweak farm-plot-select (farm_select_hook::render)
Invoking: tweak import-priority-category
Enabled tweak import-priority-category (takerequest_hook::feed)
Enabled tweak import-priority-category (takerequest_hook::render)
Invoking: tweak condition-material
Enabled tweak condition-material (condition_material_hook::feed)
Invoking: tweak hotkey-clear
Enabled tweak hotkey-clear (hotkey_clear_hook::feed)
Enabled tweak hotkey-clear (hotkey_clear_hook::render)
Invoking: tweak embark-profile-name
Enabled tweak embark-profile-name (embark_profile_name_hook::feed)
Invoking: tweak block-labors              # Prevents labors that can't be used from being toggled
Enabled tweak block-labors (block_labors_hook::feed)
Enabled tweak block-labors (block_labors_hook::render)
Invoking: tweak burrow-name-cancel
Enabled tweak burrow-name-cancel (burrow_name_cancel_hook::feed)
Invoking: tweak cage-butcher
Enabled tweak cage-butcher (cage_butcher_hook::feed)
Enabled tweak cage-butcher (cage_butcher_hook::render)
Invoking: tweak civ-view-agreement
Enabled tweak civ-view-agreement (civ_agreement_view_hook::render)
Invoking: tweak eggs-fertile
Enabled tweak eggs-fertile (egg_fertile_hook::render)
Invoking: tweak fps-min
Enabled tweak fps-min (fps_min_hook)
Invoking: tweak hide-priority
Enabled tweak hide-priority (hide_priority_hook::feed)
Enabled tweak hide-priority (hide_priority_hook::render)
Invoking: tweak kitchen-prefs-empty
Enabled tweak kitchen-prefs-empty (kitchen_prefs_empty_hook::render)
Invoking: tweak max-wheelbarrow
Enabled tweak max-wheelbarrow (max_wheelbarrow_hook::render)
Enabled tweak max-wheelbarrow (max_wheelbarrow_hook::feed)
Invoking: tweak shift-8-scroll
Enabled tweak shift-8-scroll (shift_8_scroll_hook::feed)
Invoking: tweak title-start-rename
Enabled tweak title-start-rename (title_start_rename_hook::feed)
Enabled tweak title-start-rename (title_start_rename_hook::render)
Invoking: tweak tradereq-pet-gender
Enabled tweak tradereq-pet-gender (pet_gender_hook::render)
Invoking: enable title-version
Invoking: enable manipulator
Invoking: enable search
Invoking: enable automaterial
Invoking: enable  confirm  dwarfmonitor  mousequery  autogems  automelt  autotrade  buildingplan  resume  trackstop  zone  stocks  autochop  stockpiles
Invoking: embark-tools enable sticky sand mouse
Invoking: modtools/extra-gamelog enable
Invoking: enable gui/extended-status
Invoking: view-item-info enable
Invoking: gui/load-screen enable
Invoking: sc-script add SC_WORLD_LOADED onLoad.init-example
Invoking: repeat -name warn-starving -time 10 -timeUnits days -command [ warn-starving ]
Invoking: warn-starving
Invoking: modtools/reaction-trigger -reactionName BANNER -command [ building/subtype-change -building \\BUILDING_ID -type BANNER ]
Invoking: modtools/reaction-trigger -reactionName GARDEN_GRASS -command [ building/subtype-change -building \\BUILDING_ID -type GARDEN_GRASS ]
Invoking: modtools/reaction-trigger -reactionName GARDEN_SMALL_PLANT -command [ building/subtype-change -building \\BUILDING_ID -type GARDEN_SMALL_PLANT ]
Invoking: modtools/reaction-trigger -reactionName GARDEN_SMALL_BUSH -command [ building/subtype-change -building \\BUILDING_ID -type GARDEN_SMALL_BUSH ]
Invoking: modtools/reaction-trigger -reactionName GARDEN_MEDIUM_BUSH -command [ building/subtype-change -building \\BUILDING_ID -type GARDEN_MEDIUM_BUSH ]
Invoking: modtools/reaction-trigger -reactionName GARDEN_LEAVES -command [ building/subtype-change -building \\BUILDING_ID -type GARDEN_LEAVES ]
Invoking: modtools/reaction-trigger -reactionName GARDEN_TALL_GRASS -command [ building/subtype-change -building \\BUILDING_ID -type GARDEN_TALL_GRASS ]
Invoking: modtools/reaction-trigger -reactionName GARDEN_ROUND_BUSH -command [ building/subtype-change -building \\BUILDING_ID -type GARDEN_ROUND_BUSH ]
Invoking: modtools/reaction-trigger -reactionName GARDEN_LEAVY -command [ building/subtype-change -building \\BUILDING_ID -type GARDEN_LEAVY ]
Invoking: modtools/reaction-trigger -reactionName GARDEN_THORNS_SMALL -command [ building/subtype-change -building \\BUILDING_ID -type GARDEN_THORNS_SMALL ]
Invoking: modtools/reaction-trigger -reactionName GARDEN_THORNS_LARGE -command [ building/subtype-change -building \\BUILDING_ID -type GARDEN_THORNS_LARGE ]
Invoking: modtools/reaction-trigger -reactionName GARDEN_SAPLING -command [ building/subtype-change -building \\BUILDING_ID -type GARDEN_SAPLING ]
Invoking: modtools/reaction-trigger -reactionName GARDEN_FLOWERS_LARGE -command [ building/subtype-change -building \\BUILDING_ID -type GARDEN_FLOWERS_LARGE ]
Invoking: modtools/reaction-trigger -reactionName GARDEN_LARGE_BUSH -command [ building/subtype-change -building \\BUILDING_ID -type GARDEN_LARGE_BUSH ]
Invoking: modtools/reaction-trigger -reactionName GARDEN_FERN -command [ building/subtype-change -building \\BUILDING_ID -type GARDEN_FERN ]
Invoking: modtools/reaction-trigger -reactionName GARDEN_ORCHID -command [ building/subtype-change -building \\BUILDING_ID -type GARDEN_ORCHID ]
Invoking: modtools/reaction-trigger -reactionName GARDEN_FLOWERS_SMALL -command [ building/subtype-change -building \\BUILDING_ID -type GARDEN_FLOWERS_SMALL ]
Invoking: modtools/reaction-trigger -reactionName GARDEN_MUSHROOM -command [ building/subtype-change -building \\BUILDING_ID -type GARDEN_MUSHROOM ]
Invoking: modtools/reaction-trigger -reactionName STATUE -command [ building/subtype-change -building \\BUILDING_ID -type STATUE ]
Invoking: modtools/reaction-trigger -reactionName STATUE_HEAD -command [ building/subtype-change -building \\BUILDING_ID -type STATUE_HEAD ]
Invoking: modtools/reaction-trigger -reactionName STATUE_WISE -command [ building/subtype-change -building \\BUILDING_ID -type STATUE_WISE ]
Invoking: modtools/reaction-trigger -reactionName STATUE_ARMORED -command [ building/subtype-change -building \\BUILDING_ID -type STATUE_ARMORED ]
Invoking: modtools/reaction-trigger -reactionName STATUE_THIN -command [ building/subtype-change -building \\BUILDING_ID -type STATUE_THIN ]
Invoking: modtools/reaction-trigger -reactionName STATUE_RELIEF_ARMOR -command [ building/subtype-change -building \\BUILDING_ID -type STATUE_RELIEF_ARMOR ]
Invoking: modtools/reaction-trigger -reactionName STATUE_RELIEF_DWARF -command [ building/subtype-change -building \\BUILDING_ID -type STATUE_RELIEF_DWARF ]
Invoking: modtools/reaction-trigger -reactionName STATUE_RELIEF_ELF -command [ building/subtype-change -building \\BUILDING_ID -type STATUE_RELIEF_ELF ]
Invoking: modtools/reaction-trigger -reactionName STATUE_RELIEF_HUMAN -command [ building/subtype-change -building \\BUILDING_ID -type STATUE_RELIEF_HUMAN ]
Invoking: modtools/reaction-trigger -reactionName STATUE_RELIEF_KOBOLD -command [ building/subtype-change -building \\BUILDING_ID -type STATUE_RELIEF_KOBOLD ]
Invoking: modtools/reaction-trigger -reactionName STATUE_RELIEF_GOBLIN -command [ building/subtype-change -building \\BUILDING_ID -type STATUE_RELIEF_GOBLIN ]
Invoking: modtools/reaction-trigger -reactionName STATUE_RELIEF_TROLL -command [ building/subtype-change -building \\BUILDING_ID -type STATUE_RELIEF_TROLL ]
Invoking: modtools/reaction-trigger -reactionName STATUE_TOTEM -command [ building/subtype-change -building \\BUILDING_ID -type STATUE_TOTEM ]
Invoking: modtools/reaction-trigger -reactionName STATUE_STELEA -command [ building/subtype-change -building \\BUILDING_ID -type STATUE_STELEA ]
Invoking: modtools/reaction-trigger -reactionName STATUE_GRAVE -command [ building/subtype-change -building \\BUILDING_ID -type STATUE_GRAVE ]
Invoking: modtools/reaction-trigger -reactionName STATUE_ARMOR -command [ building/subtype-change -building \\BUILDING_ID -type STATUE_ARMOR ]
Invoking: modtools/reaction-trigger -reactionName BANNER -command [ building/subtype-change -building \\BUILDING_ID -type BANNER ] 
Invoking: modtools/reaction-trigger -reactionName BANNER_DECORATED -command [ building/subtype-change -building \\BUILDING_ID -type BANNER_DECORATED ] 
Invoking: modtools/reaction-trigger -reactionName BANNER_WAVY -command [ building/subtype-change -building \\BUILDING_ID -type BANNER_WAVY ] 
Invoking: modtools/reaction-trigger -reactionName BANNER_FLAME -command [ building/subtype-change -building \\BUILDING_ID -type BANNER_FLAME ] 
Invoking: modtools/reaction-trigger -reactionName BANNER_LIGHTNING -command [ building/subtype-change -building \\BUILDING_ID -type BANNER_LIGHTNING ] 
Invoking: modtools/reaction-trigger -reactionName BANNER_SPIRAL -command [ building/subtype-change -building \\BUILDING_ID -type BANNER_SPIRAL ]
Invoking: modtools/reaction-trigger -reactionName BANNER_RUNE -command [ building/subtype-change -building \\BUILDING_ID -type BANNER_RUNE ]
Invoking: modtools/reaction-trigger -reactionName CARPET -command [ building/subtype-change -building \\BUILDING_ID -type CARPET ]
Invoking: modtools/reaction-trigger -reactionName CARPET_N -command [ building/subtype-change -building \\BUILDING_ID -type CARPET_N ]
Invoking: modtools/reaction-trigger -reactionName CARPET_E -command [ building/subtype-change -building \\BUILDING_ID -type CARPET_E ]
Invoking: modtools/reaction-trigger -reactionName CARPET_S -command [ building/subtype-change -building \\BUILDING_ID -type CARPET_S ]
Invoking: modtools/reaction-trigger -reactionName CARPET_W -command [ building/subtype-change -building \\BUILDING_ID -type CARPET_W ]
Invoking: modtools/reaction-trigger -reactionName CARPET_NE -command [ building/subtype-change -building \\BUILDING_ID -type CARPET_NE ]
Invoking: modtools/reaction-trigger -reactionName CARPET_SE -command [ building/subtype-change -building \\BUILDING_ID -type CARPET_SE ]
Invoking: modtools/reaction-trigger -reactionName CARPET_SW -command [ building/subtype-change -building \\BUILDING_ID -type CARPET_SW ]
Invoking: modtools/reaction-trigger -reactionName CARPET_NW -command [ building/subtype-change -building \\BUILDING_ID -type CARPET_NW ]
Invoking: modtools/reaction-trigger -reactionName DISPLAY_RACK -command [ building/subtype-change -building \\BUILDING_ID -type DISPLAY_RACK ]
Invoking: modtools/reaction-trigger -reactionName DISPLAY_RACK_CROSSBOW -command [ building/subtype-change -building \\BUILDING_ID -type DISPLAY_RACK_CROSSBOW ]
Invoking: modtools/reaction-trigger -reactionName DISPLAY_RACK_PICK -command [ building/subtype-change -building \\BUILDING_ID -type DISPLAY_RACK_PICK ]
Invoking: modtools/reaction-trigger -reactionName DISPLAY_RACK_BATTLE_AXE -command [ building/subtype-change -building \\BUILDING_ID -type DISPLAY_RACK_BATTLE_AXE ]
Invoking: modtools/reaction-trigger -reactionName DISPLAY_RACK_WAR_HAMMER -command [ building/subtype-change -building \\BUILDING_ID -type DISPLAY_RACK_WAR_HAMMER ]
Invoking: modtools/reaction-trigger -reactionName DISPLAY_RACK_LONG_SWORD -command [ building/subtype-change -building \\BUILDING_ID -type DISPLAY_RACK_LONG_SWORD ]
Invoking: modtools/reaction-trigger -reactionName DISPLAY_RACK_SPEAR -command [ building/subtype-change -building \\BUILDING_ID -type DISPLAY_RACK_SPEAR ]
Invoking: modtools/reaction-trigger -reactionName DISPLAY_RACK_MACE -command [ building/subtype-change -building \\BUILDING_ID -type DISPLAY_RACK_MACE ]
Invoking: modtools/reaction-trigger -reactionName DISPLAY_RACK_FLAIL -command [ building/subtype-change -building \\BUILDING_ID -type DISPLAY_RACK_FLAIL ]
Invoking: modtools/reaction-trigger -reactionName DISPLAY_RACK_MORNINGSTAR -command [ building/subtype-change -building \\BUILDING_ID -type DISPLAY_RACK_MORNINGSTAR ]
Invoking: modtools/reaction-trigger -reactionName DISPLAY_RACK_PIKE -command [ building/subtype-change -building \\BUILDING_ID -type DISPLAY_RACK_PIKE ]
Invoking: modtools/reaction-trigger -reactionName DISPLAY_RACK_HALBERD -command [ building/subtype-change -building \\BUILDING_ID -type DISPLAY_RACK_HALBERD ]
Invoking: modtools/reaction-trigger -reactionName DISPLAY_RACK_TWO_HANDED_SWORD -command [ building/subtype-change -building \\BUILDING_ID -type DISPLAY_RACK_TWO_HANDED_SWORD ]
Invoking: modtools/reaction-trigger -reactionName DISPLAY_RACK_SHORT_SWORD -command [ building/subtype-change -building \\BUILDING_ID -type DISPLAY_RACK_SHORT_SWORD ]
Invoking: modtools/reaction-trigger -reactionName DISPLAY_RACK_MAUL -command [ building/subtype-change -building \\BUILDING_ID -type DISPLAY_RACK_MAUL ]
Invoking: modtools/reaction-trigger -reactionName DISPLAY_RACK_GREAT_AXE -command [ building/subtype-change -building \\BUILDING_ID -type DISPLAY_RACK_GREAT_AXE ]
Invoking: modtools/reaction-trigger -reactionName DISPLAY_RACK_DAGGER -command [ building/subtype-change -building \\BUILDING_ID -type DISPLAY_RACK_DAGGER ]
Invoking: modtools/reaction-trigger -reactionName SIGN_EMPTY -command [ building/subtype-change -building \\BUILDING_ID -type SIGN_EMPTY ]
Invoking: modtools/reaction-trigger -reactionName SIGN_DINING -command [ building/subtype-change -building \\BUILDING_ID -type SIGN_DINING ]
Invoking: modtools/reaction-trigger -reactionName SIGN_DRINK -command [ building/subtype-change -building \\BUILDING_ID -type SIGN_DRINK ]
Invoking: modtools/reaction-trigger -reactionName SIGN_GEAR -command [ building/subtype-change -building \\BUILDING_ID -type SIGN_GEAR ]
Invoking: modtools/reaction-trigger -reactionName SIGN_GEM -command [ building/subtype-change -building \\BUILDING_ID -type SIGN_GEM ]
Invoking: modtools/reaction-trigger -reactionName SIGN_HEART -command [ building/subtype-change -building \\BUILDING_ID -type SIGN_HEART ]
Invoking: modtools/reaction-trigger -reactionName SIGN_DANGER -command [ building/subtype-change -building \\BUILDING_ID -type SIGN_DANGER ]
Invoking: modtools/reaction-trigger -reactionName SIGN_PLANT -command [ building/subtype-change -building \\BUILDING_ID -type SIGN_PLANT ]
Invoking: modtools/reaction-trigger -reactionName SIGN_FISH -command [ building/subtype-change -building \\BUILDING_ID -type SIGN_FISH ]
Invoking: modtools/reaction-trigger -reactionName SIGN_COOK -command [ building/subtype-change -building \\BUILDING_ID -type SIGN_COOK ]
Invoking: modtools/reaction-trigger -reactionName SIGN_WATER -command [ building/subtype-change -building \\BUILDING_ID -type SIGN_WATER ]
Invoking: modtools/reaction-trigger -reactionName SIGN_SWORD -command [ building/subtype-change -building \\BUILDING_ID -type SIGN_SWORD ]
Invoking: modtools/reaction-trigger -reactionName SIGN_BOW -command [ building/subtype-change -building \\BUILDING_ID -type SIGN_BOW ]
Invoking: modtools/reaction-trigger -reactionName SIGN_ARMOR -command [ building/subtype-change -building \\BUILDING_ID -type SIGN_ARMOR ]
Invoking: modtools/reaction-trigger -reactionName SIGN_ANVIL -command [ building/subtype-change -building \\BUILDING_ID -type SIGN_ANVIL ]
Invoking: modtools/reaction-trigger -reactionName SIGN_METAL -command [ building/subtype-change -building \\BUILDING_ID -type SIGN_METAL ]
Invoking: modtools/reaction-trigger -reactionName ARROW_UP -command [ building/subtype-change -building \\BUILDING_ID -type ARROW_UP ]
Invoking: modtools/reaction-trigger -reactionName ARROW_RIGHT -command [ building/subtype-change -building \\BUILDING_ID -type ARROW_RIGHT ]
Invoking: modtools/reaction-trigger -reactionName ARROW_DOWN -command [ building/subtype-change -building \\BUILDING_ID -type ARROW_DOWN ]
Invoking: modtools/reaction-trigger -reactionName ARROW_LEFT -command [ building/subtype-change -building \\BUILDING_ID -type ARROW_LEFT ]
Invoking: modtools/reaction-trigger -reactionName FLOOR_WOOD -command [ building/subtype-change -building \\BUILDING_ID -type FLOOR_WOOD ]
Invoking: modtools/reaction-trigger -reactionName WOODEN_FLOOR -command [ building/subtype-change -building \\BUILDING_ID -type WOODEN_FLOOR ]
Invoking: modtools/reaction-trigger -reactionName FLOOR_DECORATED_CARPET -command [ building/subtype-change -building \\BUILDING_ID -type FLOOR_DECORATED_CARPET ]
Invoking: modtools/reaction-trigger -reactionName FLOOR_CARPET -command [ building/subtype-change -building \\BUILDING_ID -type FLOOR_CARPET ]
Invoking: modtools/reaction-trigger -reactionName FLOOR_PLATE -command [ building/subtype-change -building \\BUILDING_ID -type FLOOR_PLATE ]
Invoking: modtools/reaction-trigger -reactionName FLOOR_ROCK_PARQUET -command [ building/subtype-change -building \\BUILDING_ID -type FLOOR_ROCK_PARQUET ]
Invoking: modtools/reaction-trigger -reactionName FLOOR_CHECKERED -command [ building/subtype-change -building \\BUILDING_ID -type FLOOR_CHECKERED ]
Invoking: modtools/reaction-trigger -reactionName FLOOR_SMALL_ROCK -command [ building/subtype-change -building \\BUILDING_ID -type FLOOR_SMALL_ROCK ]
Invoking: modtools/reaction-trigger -reactionName FLOOR_MEDIUM_ROCK -command [ building/subtype-change -building \\BUILDING_ID -type FLOOR_MEDIUM_ROCK ]
Invoking: modtools/reaction-trigger -reactionName FLOOR_LARGE_ROCK -command [ building/subtype-change -building \\BUILDING_ID -type FLOOR_LARGE_ROCK ]
Invoking: modtools/reaction-trigger -reactionName FLOOR_SOLID -command [ building/subtype-change -building \\BUILDING_ID -type FLOOR_SOLID ]
Invoking: modtools/reaction-trigger -reactionName FLOOR_QUARTERED -command [ building/subtype-change -building \\BUILDING_ID -type FLOOR_QUARTERED ]
Invoking: modtools/reaction-trigger -reactionName FLOOR_FRAMED -command [ building/subtype-change -building \\BUILDING_ID -type FLOOR_FRAMED ]
Invoking: modtools/reaction-trigger -reactionName FLOOR_DOUBLE_FRAMED -command [ building/subtype-change -building \\BUILDING_ID -type FLOOR_DOUBLE_FRAMED ]
Invoking: modtools/reaction-trigger -reactionName FLOOR_SKULL -command [ building/subtype-change -building \\BUILDING_ID -type FLOOR_SKULL ]
Invoking: modtools/reaction-trigger -reactionName FLOOR_MARBLE -command [ building/subtype-change -building \\BUILDING_ID -type FLOOR_MARBLE ]
Invoking: modtools/reaction-trigger -reactionName FLOOR_GRAVEL -command [ building/subtype-change -building \\BUILDING_ID -type FLOOR_GRAVEL ]
Invoking: modtools/reaction-trigger -reactionName FLOOR_GOLDEN -command [ building/subtype-change -building \\BUILDING_ID -type FLOOR_GOLDEN ]
Invoking: modtools/reaction-trigger -reactionName FLOOR_OCTA -command [ building/subtype-change -building \\BUILDING_ID -type FLOOR_OCTA ]
Invoking: modtools/reaction-trigger -reactionName FLOOR_MAZE -command [ building/subtype-change -building \\BUILDING_ID -type FLOOR_MAZE ]
Invoking: modtools/reaction-trigger -reactionName FLOOR_RATTAN -command [ building/subtype-change -building \\BUILDING_ID -type FLOOR_RATTAN ]
Invoking: modtools/reaction-trigger -reactionName FLOOR_WOODEN_PARQUET -command [ building/subtype-change -building \\BUILDING_ID -type FLOOR_WOODEN_PARQUET ]
Invoking: modtools/reaction-trigger -reactionName FLOOR_METAL_PLATE -command [ building/subtype-change -building \\BUILDING_ID -type FLOOR_METAL_PLATE ]
Invoking: modtools/reaction-trigger -reactionName FLOOR_BRICK -command [ building/subtype-change -building \\BUILDING_ID -type FLOOR_BRICK ]
Invoking: modtools/reaction-trigger -reactionName FLOOR_LARGE_BRICK -command [ building/subtype-change -building \\BUILDING_ID -type FLOOR_LARGE_BRICK ]
Invoking: modtools/reaction-trigger -reactionName FLOOR_X -command [ building/subtype-change -building \\BUILDING_ID -type FLOOR_X ]
Invoking: modtools/reaction-trigger -reactionName FLOOR_INTRICATE -command [ building/subtype-change -building \\BUILDING_ID -type FLOOR_INTRICATE ]
Invoking: modtools/reaction-trigger -reactionName FLOOR_ROUGH -command [ building/subtype-change -building \\BUILDING_ID -type FLOOR_ROUGH ]
Invoking: modtools/reaction-trigger -reactionName FLOOR_GLOWING -command [ building/subtype-change -building \\BUILDING_ID -type FLOOR_GLOWING ]
Invoking: modtools/reaction-trigger -reactionName FLOOR_CREEP -command [ building/subtype-change -building \\BUILDING_ID -type FLOOR_CREEP ]
Invoking: modtools/reaction-trigger -reactionName FLOOR_RHOMBUS -command [ building/subtype-change -building \\BUILDING_ID -type FLOOR_RHOMBUS ]
Invoking: modtools/reaction-trigger -reactionName FLOOR_MIXED -command [ building/subtype-change -building \\BUILDING_ID -type FLOOR_MIXED ]
Invoking: modtools/reaction-trigger -reactionName FLOOR_ROOF_SHINGLES -command [ building/subtype-change -building \\BUILDING_ID -type FLOOR_ROOF_SHINGLES ]
Invoking: modtools/reaction-trigger -reactionName FLOOR_DIRT -command [ building/subtype-change -building \\BUILDING_ID -type FLOOR_DIRT ]
Invoking: modtools/reaction-trigger -reactionName FLOOR_COBBLESTONE -command [ building/subtype-change -building \\BUILDING_ID -type FLOOR_COBBLESTONE ]
Invoking: modtools/reaction-trigger -reactionName OBJECT_TEMPLATE -command [ building/subtype-change -building \\BUILDING_ID -type OBJECT_TEMPLATE ]
Invoking: modtools/reaction-trigger -reactionName OBJECT_GLOBE_LARGE -command [ building/subtype-change -building \\BUILDING_ID -type OBJECT_GLOBE_LARGE ]
Invoking: modtools/reaction-trigger -reactionName OBJECT_GLOBE_SMALL -command [ building/subtype-change -building \\BUILDING_ID -type OBJECT_GLOBE_SMALL ]
Invoking: modtools/reaction-trigger -reactionName OBJECT_TELESCOPE -command [ building/subtype-change -building \\BUILDING_ID -type OBJECT_TELESCOPE ]
Invoking: modtools/reaction-trigger -reactionName OBJECT_DWARF_ICON -command [ building/subtype-change -building \\BUILDING_ID -type OBJECT_DWARF_ICON ]
Invoking: modtools/reaction-trigger -reactionName OBJECT_ANVIL_ICON -command [ building/subtype-change -building \\BUILDING_ID -type OBJECT_ANVIL_ICON ]
Invoking: modtools/reaction-trigger -reactionName OBJECT_MELTING_POT -command [ building/subtype-change -building \\BUILDING_ID -type OBJECT_MELTING_POT ]
Invoking: modtools/reaction-trigger -reactionName OBJECT_FIGURINE -command [ building/subtype-change -building \\BUILDING_ID -type OBJECT_FIGURINE ]
Invoking: modtools/reaction-trigger -reactionName OBJECT_SWORDS_AND_SHIELD -command [ building/subtype-change -building \\BUILDING_ID -type OBJECT_SWORDS_AND_SHIELD ]
Invoking: modtools/reaction-trigger -reactionName OBJECT_CLOCK -command [ building/subtype-change -building \\BUILDING_ID -type OBJECT_CLOCK ]
Invoking: modtools/reaction-trigger -reactionName OBJECT_SMALL_MIRROR -command [ building/subtype-change -building \\BUILDING_ID -type OBJECT_SMALL_MIRROR ]
Invoking: modtools/reaction-trigger -reactionName OBJECT_MEDIUM_MIRROR -command [ building/subtype-change -building \\BUILDING_ID -type OBJECT_MEDIUM_MIRROR ]
Invoking: modtools/reaction-trigger -reactionName OBJECT_LARGE_MIRROR -command [ building/subtype-change -building \\BUILDING_ID -type OBJECT_LARGE_MIRROR ]
Invoking: modtools/reaction-trigger -reactionName OBJECT_CHRISTMAS_WREATH -command [ building/subtype-change -building \\BUILDING_ID -type OBJECT_CHRISTMAS_WREATH ]
Invoking: modtools/reaction-trigger -reactionName OBJECT_TOY_HORSE -command [ building/subtype-change -building \\BUILDING_ID -type OBJECT_TOY_HORSE ]
Invoking: modtools/reaction-trigger -reactionName OBJECT_TOY_DOLL -command [ building/subtype-change -building \\BUILDING_ID -type OBJECT_TOY_DOLL ]
Invoking: modtools/reaction-trigger -reactionName OBJECT_SKULLS -command [ building/subtype-change -building \\BUILDING_ID -type OBJECT_SKULLS ]
Invoking: modtools/reaction-trigger -reactionName OBJECT_BONES -command [ building/subtype-change -building \\BUILDING_ID -type OBJECT_BONES ]
Invoking: modtools/reaction-trigger -reactionName OBJECT_HUMAN_SKELETON -command [ building/subtype-change -building \\BUILDING_ID -type OBJECT_HUMAN_SKELETON ]
Invoking: modtools/reaction-trigger -reactionName OBJECT_ANIMAL_SKELETON -command [ building/subtype-change -building \\BUILDING_ID -type OBJECT_ANIMAL_SKELETON ]
Invoking: modtools/reaction-trigger -reactionName OBJECT_TORTURE_RACK -command [ building/subtype-change -building \\BUILDING_ID -type OBJECT_TORTURE_RACK ]
Invoking: modtools/reaction-trigger -reactionName OBJECT_RESTRAINS -command [ building/subtype-change -building \\BUILDING_ID -type OBJECT_RESTRAINS ]
Invoking: modtools/reaction-trigger -reactionName OBJECT_BLOOD_TRAIL -command [ building/subtype-change -building \\BUILDING_ID -type OBJECT_BLOOD_TRAIL ]
Invoking: modtools/reaction-trigger -reactionName OBJECT_BLOOD_PRINTS -command [ building/subtype-change -building \\BUILDING_ID -type OBJECT_BLOOD_PRINTS ]
Invoking: modtools/reaction-trigger -reactionName OBJECT_FLOWERS -command [ building/subtype-change -building \\BUILDING_ID -type OBJECT_FLOWERS ]
Invoking: modtools/reaction-trigger -reactionName OBJECT_ROSES -command [ building/subtype-change -building \\BUILDING_ID -type OBJECT_ROSES ]
Invoking: modtools/reaction-trigger -reactionName OBJECT_POTTED_FLOWERS -command [ building/subtype-change -building \\BUILDING_ID -type OBJECT_POTTED_FLOWERS ]
Invoking: modtools/reaction-trigger -reactionName OBJECT_FOUNTAIN -command [ building/subtype-change -building \\BUILDING_ID -type OBJECT_FOUNTAIN ]
Invoking: modtools/reaction-trigger -reactionName OBJECT_OVEN -command [ building/subtype-change -building \\BUILDING_ID -type OBJECT_OVEN ]
Invoking: modtools/reaction-trigger -reactionName OBJECT_DUMMY -command [ building/subtype-change -building \\BUILDING_ID -type OBJECT_DUMMY ]
Invoking: modtools/reaction-trigger -reactionName OBJECT_FLAG_LEFT -command [ building/subtype-change -building \\BUILDING_ID -type OBJECT_FLAG_LEFT ]
Invoking: modtools/reaction-trigger -reactionName OBJECT_FLAG_RIGHT -command [ building/subtype-change -building \\BUILDING_ID -type OBJECT_FLAG_RIGHT ]
Invoking: modtools/reaction-trigger -reactionName OBJECT_FLAG_CENTER -command [ building/subtype-change -building \\BUILDING_ID -type OBJECT_FLAG_CENTER ]
Invoking: modtools/reaction-trigger -reactionName LIGHTS -command [ building/subtype-change -building \\BUILDING_ID -type LIGHTS ]
Invoking: modtools/reaction-trigger -reactionName LIGHTS_PUMPKIN_LANTERN_OFF -command [ building/subtype-change -building \\BUILDING_ID -type LIGHTS_PUMPKIN_LANTERN_OFF ]
Invoking: modtools/reaction-trigger -reactionName LIGHTS_PUMPKIN_LANTERN_ON -command [ building/subtype-change -building \\BUILDING_ID -type LIGHTS_PUMPKIN_LANTERN_ON ]
Invoking: modtools/reaction-trigger -reactionName LIGHTS_LANTERN_OFF -command [ building/subtype-change -building \\BUILDING_ID -type LIGHTS_LANTERN_OFF ]
Invoking: modtools/reaction-trigger -reactionName LIGHTS_LANTERN_ON -command [ building/subtype-change -building \\BUILDING_ID -type LIGHTS_LANTERN_ON ]
Invoking: modtools/reaction-trigger -reactionName LIGHTS_TORCH_OFF -command [ building/subtype-change -building \\BUILDING_ID -type LIGHTS_TORCH_OFF ]
Invoking: modtools/reaction-trigger -reactionName LIGHTS_TORCH_ON -command [ building/subtype-change -building \\BUILDING_ID -type LIGHTS_TORCH_ON ]
Invoking: modtools/reaction-trigger -reactionName LIGHTS_BRAZIER_OFF -command [ building/subtype-change -building \\BUILDING_ID -type LIGHTS_BRAZIER_OFF ]
Invoking: modtools/reaction-trigger -reactionName LIGHTS_BRAZIER_ON -command [ building/subtype-change -building \\BUILDING_ID -type LIGHTS_BRAZIER_ON ]
Invoking: modtools/reaction-trigger -reactionName LIGHTS_FIREBOWL_OFF -command [ building/subtype-change -building \\BUILDING_ID -type LIGHTS_FIREBOWL_OFF ]
Invoking: modtools/reaction-trigger -reactionName LIGHTS_FIREBOWL_ON -command [ building/subtype-change -building \\BUILDING_ID -type LIGHTS_FIREBOWL_ON ]
Invoking: modtools/reaction-trigger -reactionName LIGHTS_ALTAR_CANDLES_OFF -command [ building/subtype-change -building \\BUILDING_ID -type LIGHTS_ALTAR_CANDLES_OFF ]
Invoking: modtools/reaction-trigger -reactionName LIGHTS_ALTAR_CANDLES_ON -command [ building/subtype-change -building \\BUILDING_ID -type LIGHTS_ALTAR_CANDLES_ON ]
Invoking: modtools/reaction-trigger -reactionName LIGHTS_TEMPLE_BRAZIER_OFF -command [ building/subtype-change -building \\BUILDING_ID -type LIGHTS_TEMPLE_BRAZIER_OFF ]
Invoking: modtools/reaction-trigger -reactionName LIGHTS_TEMPLE_BRAZIER_ON -command [ building/subtype-change -building \\BUILDING_ID -type LIGHTS_TEMPLE_BRAZIER_ON ]
Invoking: modtools/reaction-trigger -reactionName LIGHTS_SKULL_OFF -command [ building/subtype-change -building \\BUILDING_ID -type LIGHTS_SKULL_OFF ]
Invoking: modtools/reaction-trigger -reactionName LIGHTS_SKULL_ON -command [ building/subtype-change -building \\BUILDING_ID -type LIGHTS_SKULL_ON ]
Invoking: modtools/reaction-trigger -reactionName LIGHTS_CANDLESTICK_OFF -command [ building/subtype-change -building \\BUILDING_ID -type LIGHTS_CANDLESTICK_OFF ]
Invoking: modtools/reaction-trigger -reactionName LIGHTS_CANDLESTICK_ON -command [ building/subtype-change -building \\BUILDING_ID -type LIGHTS_CANDLESTICK_ON ]
Invoking: modtools/reaction-trigger -reactionName LIGHTS_SMALLBRAZIER_OFF -command [ building/subtype-change -building \\BUILDING_ID -type LIGHTS_SMALLBRAZIER_OFF ]
Invoking: modtools/reaction-trigger -reactionName LIGHTS_SMALLBRAZIER_ON -command [ building/subtype-change -building \\BUILDING_ID -type LIGHTS_SMALLBRAZIER_ON ]
Invoking: modtools/reaction-trigger -reactionName LIGHTS_FIREPIT_OFF -command [ building/subtype-change -building \\BUILDING_ID -type LIGHTS_FIREPIT_OFF ]
Invoking: modtools/reaction-trigger -reactionName LIGHTS_FIREPIT_ON -command [ building/subtype-change -building \\BUILDING_ID -type LIGHTS_FIREPIT_ON ]
Invoking: modtools/reaction-trigger -reactionName LIGHTS_CANDLES_OFF -command [ building/subtype-change -building \\BUILDING_ID -type LIGHTS_CANDLES_OFF ]
Invoking: modtools/reaction-trigger -reactionName LIGHTS_CANDLES_ON -command [ building/subtype-change -building \\BUILDING_ID -type LIGHTS_CANDLES_ON ]
Invoking: modtools/reaction-trigger -reactionName LIGHTS_FIREPLACE_OFF -command [ building/subtype-change -building \\BUILDING_ID -type LIGHTS_FIREPLACE_OFF ]
Invoking: modtools/reaction-trigger -reactionName LIGHTS_FIREPLACE_ON -command [ building/subtype-change -building \\BUILDING_ID -type LIGHTS_FIREPLACE_ON ]
Invoking: modtools/reaction-trigger -reactionName WATER -command [ building/subtype-change -building \\BUILDING_ID -type WATER ]
Invoking: modtools/reaction-trigger -reactionName WATER_SINK_ON -command [ building/subtype-change -building \\BUILDING_ID -type WATER_SINK_ON ]
Invoking: modtools/reaction-trigger -reactionName WATER_SINK_OFF -command [ building/subtype-change -building \\BUILDING_ID -type WATER_SINK_OFF ]
Invoking: modtools/reaction-trigger -reactionName WATER_LARGE_ON -command [ building/subtype-change -building \\BUILDING_ID -type WATER_LARGE_ON ]
Invoking: modtools/reaction-trigger -reactionName WATER_LARGE_OFF -command [ building/subtype-change -building \\BUILDING_ID -type WATER_LARGE_OFF ]
Invoking: modtools/reaction-trigger -reactionName WATER_SMALL_ON -command [ building/subtype-change -building \\BUILDING_ID -type WATER_SMALL_ON ]
Invoking: modtools/reaction-trigger -reactionName WATER_SMALL_OFF -command [ building/subtype-change -building \\BUILDING_ID -type WATER_SMALL_OFF ]
Invoking: modtools/reaction-trigger -reactionName PAINTING_DEFAULT -command [ building/subtype-change -building \\BUILDING_ID -type PAINTING ]
Invoking: modtools/reaction-trigger -reactionName PAINTING_1 -command [ building/subtype-change -building \\BUILDING_ID -type PAINTING_1 ]
Invoking: modtools/reaction-trigger -reactionName PAINTING_2 -command [ building/subtype-change -building \\BUILDING_ID -type PAINTING_2 ]
Invoking: modtools/reaction-trigger -reactionName PAINTING_3 -command [ building/subtype-change -building \\BUILDING_ID -type PAINTING_3 ]
Invoking: modtools/reaction-trigger -reactionName PAINTING_4 -command [ building/subtype-change -building \\BUILDING_ID -type PAINTING_4 ]
Invoking: modtools/reaction-trigger -reactionName PAINTING_5 -command [ building/subtype-change -building \\BUILDING_ID -type PAINTING_5 ]
Invoking: modtools/reaction-trigger -reactionName PAINTING_6 -command [ building/subtype-change -building \\BUILDING_ID -type PAINTING_6 ]
Invoking: modtools/reaction-trigger -reactionName PAINTING_7 -command [ building/subtype-change -building \\BUILDING_ID -type PAINTING_7 ]
Invoking: modtools/reaction-trigger -reactionName PAINTING_8 -command [ building/subtype-change -building \\BUILDING_ID -type PAINTING_8 ]
Invoking: modtools/reaction-trigger -reactionName PAINTING_9 -command [ building/subtype-change -building \\BUILDING_ID -type PAINTING_9 ]
Invoking: modtools/reaction-trigger -reactionName PAINTING_10 -command [ building/subtype-change -building \\BUILDING_ID -type PAINTING_10 ]
Invoking: modtools/reaction-trigger -reactionName PAINTING_11 -command [ building/subtype-change -building \\BUILDING_ID -type PAINTING_11 ]
Invoking: modtools/reaction-trigger -reactionName PAINTING_12 -command [ building/subtype-change -building \\BUILDING_ID -type PAINTING_12 ]
Invoking: modtools/reaction-trigger -reactionName PAINTING_13 -command [ building/subtype-change -building \\BUILDING_ID -type PAINTING_13 ]
Invoking: modtools/reaction-trigger -reactionName PAINTING_14 -command [ building/subtype-change -building \\BUILDING_ID -type PAINTING_14 ]
Invoking: modtools/reaction-trigger -reactionName PAINTING_15 -command [ building/subtype-change -building \\BUILDING_ID -type PAINTING_15 ]
Invoking: modtools/reaction-trigger -reactionName PAINTING_16 -command [ building/subtype-change -building \\BUILDING_ID -type PAINTING_16 ]
Invoking: modtools/reaction-trigger -reactionName PAINTING_17 -command [ building/subtype-change -building \\BUILDING_ID -type PAINTING_17 ]
Invoking: modtools/reaction-trigger -reactionName PAINTING_18 -command [ building/subtype-change -building \\BUILDING_ID -type PAINTING_18 ]
Invoking: modtools/reaction-trigger -reactionName PAINTING_19 -command [ building/subtype-change -building \\BUILDING_ID -type PAINTING_19 ]
Invoking: modtools/reaction-trigger -reactionName PAINTING_20 -command [ building/subtype-change -building \\BUILDING_ID -type PAINTING_20 ]
Invoking: modtools/reaction-trigger -reactionName PAINTING_21 -command [ building/subtype-change -building \\BUILDING_ID -type PAINTING_21 ]
Invoking: modtools/reaction-trigger -reactionName PAINTING_22 -command [ building/subtype-change -building \\BUILDING_ID -type PAINTING_22 ]
Invoking: modtools/reaction-trigger -reactionName PAINTING_23 -command [ building/subtype-change -building \\BUILDING_ID -type PAINTING_23 ]
Invoking: modtools/reaction-trigger -reactionName PAINTING_24 -command [ building/subtype-change -building \\BUILDING_ID -type PAINTING_24 ]
Invoking: modtools/reaction-trigger -reactionName PAINTING_25 -command [ building/subtype-change -building \\BUILDING_ID -type PAINTING_25 ]
Invoking: modtools/reaction-trigger -reactionName PAINTING_26 -command [ building/subtype-change -building \\BUILDING_ID -type PAINTING_26 ]
Invoking: modtools/reaction-trigger -reactionName PAINTING_27 -command [ building/subtype-change -building \\BUILDING_ID -type PAINTING_27 ]
Invoking: modtools/reaction-trigger -reactionName PAINTING_28 -command [ building/subtype-change -building \\BUILDING_ID -type PAINTING_28 ]
Invoking: modtools/reaction-trigger -reactionName PAINTING_29 -command [ building/subtype-change -building \\BUILDING_ID -type PAINTING_29 ]
Invoking: modtools/reaction-trigger -reactionName PAINTING_30 -command [ building/subtype-change -building \\BUILDING_ID -type PAINTING_30 ]
Invoking: modtools/reaction-trigger -reactionName PAINTING_31 -command [ building/subtype-change -building \\BUILDING_ID -type PAINTING_31 ]
Invoking: modtools/reaction-trigger -reactionName PAINTING_32 -command [ building/subtype-change -building \\BUILDING_ID -type PAINTING_32 ]
Invoking: modtools/reaction-trigger -reactionName PAINTING_33 -command [ building/subtype-change -building \\BUILDING_ID -type PAINTING_33 ]
Invoking: modtools/reaction-trigger -reactionName PAINTING_34 -command [ building/subtype-change -building \\BUILDING_ID -type PAINTING_34 ]
Invoking: modtools/reaction-trigger -reactionName PAINTING_35 -command [ building/subtype-change -building \\BUILDING_ID -type PAINTING_35 ]
Invoking: modtools/reaction-trigger -reactionName PAINTING_36 -command [ building/subtype-change -building \\BUILDING_ID -type PAINTING_36 ]
Invoking: modtools/reaction-trigger -reactionName PAINTING_37 -command [ building/subtype-change -building \\BUILDING_ID -type PAINTING_37 ]
Invoking: modtools/reaction-trigger -reactionName PAINTING_38 -command [ building/subtype-change -building \\BUILDING_ID -type PAINTING_38 ]
Invoking: modtools/reaction-trigger -reactionName PAINTING_39 -command [ building/subtype-change -building \\BUILDING_ID -type PAINTING_39 ]
Invoking: modtools/reaction-trigger -reactionName PAINTING_40 -command [ building/subtype-change -building \\BUILDING_ID -type PAINTING_40 ]
Invoking: modtools/reaction-trigger -reactionName PAINTING_41 -command [ building/subtype-change -building \\BUILDING_ID -type PAINTING_41 ]
Invoking: modtools/reaction-trigger -reactionName PAINTING_42 -command [ building/subtype-change -building \\BUILDING_ID -type PAINTING_42 ]
Invoking: modtools/reaction-trigger -reactionName PAINTING_43 -command [ building/subtype-change -building \\BUILDING_ID -type PAINTING_43 ]
Invoking: modtools/reaction-trigger -reactionName PAINTING_44 -command [ building/subtype-change -building \\BUILDING_ID -type PAINTING_44 ]
Invoking: modtools/reaction-trigger -reactionName PAINTING_45 -command [ building/subtype-change -building \\BUILDING_ID -type PAINTING_45 ]
Invoking: modtools/reaction-trigger -reactionName PAINTING_46 -command [ building/subtype-change -building \\BUILDING_ID -type PAINTING_46 ]
Invoking: modtools/reaction-trigger -reactionName PAINTING_47 -command [ building/subtype-change -building \\BUILDING_ID -type PAINTING_47 ]
Invoking: modtools/reaction-trigger -reactionName PAINTING_48 -command [ building/subtype-change -building \\BUILDING_ID -type PAINTING_48 ]
Invoking: modtools/reaction-trigger -reactionName PAINTING_49 -command [ building/subtype-change -building \\BUILDING_ID -type PAINTING_49 ]
Invoking: modtools/reaction-trigger -reactionName PAINTING_50 -command [ building/subtype-change -building \\BUILDING_ID -type PAINTING_50 ]
Invoking: modtools/reaction-trigger -reactionName PAINTING_51 -command [ building/subtype-change -building \\BUILDING_ID -type PAINTING_51 ]
Invoking: modtools/reaction-trigger -reactionName PAINTING_52 -command [ building/subtype-change -building \\BUILDING_ID -type PAINTING_52 ]
Invoking: modtools/reaction-trigger -reactionName PAINTING_53 -command [ building/subtype-change -building \\BUILDING_ID -type PAINTING_53 ]
Invoking: modtools/reaction-trigger -reactionName PAINTING_54 -command [ building/subtype-change -building \\BUILDING_ID -type PAINTING_54 ]
Invoking: modtools/reaction-trigger -reactionName PAINTING_55 -command [ building/subtype-change -building \\BUILDING_ID -type PAINTING_55 ]
Invoking: modtools/reaction-trigger -reactionName PAINTING_56 -command [ building/subtype-change -building \\BUILDING_ID -type PAINTING_56 ]
Invoking: modtools/reaction-trigger -reactionName PAINTING_57 -command [ building/subtype-change -building \\BUILDING_ID -type PAINTING_57 ]
Invoking: modtools/reaction-trigger -reactionName PAINTING_58 -command [ building/subtype-change -building \\BUILDING_ID -type PAINTING_58 ]
Invoking: modtools/reaction-trigger -reactionName PAINTING_59 -command [ building/subtype-change -building \\BUILDING_ID -type PAINTING_59 ]
Invoking: modtools/reaction-trigger -reactionName PAINTING_60 -command [ building/subtype-change -building \\BUILDING_ID -type PAINTING_60 ]
Invoking: modtools/reaction-trigger -reactionName PAINTING_61 -command [ building/subtype-change -building \\BUILDING_ID -type PAINTING_61 ]
Invoking: modtools/reaction-trigger -reactionName PAINTING_62 -command [ building/subtype-change -building \\BUILDING_ID -type PAINTING_62 ]
Invoking: modtools/reaction-trigger -reactionName PAINTING_63 -command [ building/subtype-change -building \\BUILDING_ID -type PAINTING_63 ]
Invoking: modtools/reaction-trigger -reactionName PAINTING_64 -command [ building/subtype-change -building \\BUILDING_ID -type PAINTING_64 ]
Invoking: modtools/reaction-trigger -reactionName PAINTING_65 -command [ building/subtype-change -building \\BUILDING_ID -type PAINTING_65 ]
Invoking: modtools/reaction-trigger -reactionName PAINTING_66 -command [ building/subtype-change -building \\BUILDING_ID -type PAINTING_66 ]
Invoking: modtools/reaction-trigger -reactionName PAINTING_67 -command [ building/subtype-change -building \\BUILDING_ID -type PAINTING_67 ]
Invoking: modtools/reaction-trigger -reactionName PAINTING_68 -command [ building/subtype-change -building \\BUILDING_ID -type PAINTING_68 ]
Invoking: modtools/reaction-trigger -reactionName PAINTING_69 -command [ building/subtype-change -building \\BUILDING_ID -type PAINTING_69 ]
Invoking: modtools/reaction-trigger -reactionName PAINTING_70 -command [ building/subtype-change -building \\BUILDING_ID -type PAINTING_70 ]
Invoking: modtools/reaction-trigger -reactionName PAINTING_71 -command [ building/subtype-change -building \\BUILDING_ID -type PAINTING_71 ]
Invoking: modtools/reaction-trigger -reactionName PAINTING_72 -command [ building/subtype-change -building \\BUILDING_ID -type PAINTING_72 ]
Invoking: modtools/reaction-trigger -reactionName PAINTING_73 -command [ building/subtype-change -building \\BUILDING_ID -type PAINTING_73 ]
Invoking: modtools/reaction-trigger -reactionName PAINTING_74 -command [ building/subtype-change -building \\BUILDING_ID -type PAINTING_74 ]
Invoking: modtools/reaction-trigger -reactionName PAINTING_75 -command [ building/subtype-change -building \\BUILDING_ID -type PAINTING_75 ]
Invoking: modtools/reaction-trigger -reactionName PAINTING_76 -command [ building/subtype-change -building \\BUILDING_ID -type PAINTING_76 ]
Invoking: modtools/reaction-trigger -reactionName PAINTING_77 -command [ building/subtype-change -building \\BUILDING_ID -type PAINTING_77 ]
Invoking: modtools/reaction-trigger -reactionName PAINTING_78 -command [ building/subtype-change -building \\BUILDING_ID -type PAINTING_78 ]
Invoking: modtools/reaction-trigger -reactionName PAINTING_79 -command [ building/subtype-change -building \\BUILDING_ID -type PAINTING_79 ]
Invoking: modtools/reaction-trigger -reactionName PAINTING_80 -command [ building/subtype-change -building \\BUILDING_ID -type PAINTING_80 ]
Invoking: modtools/reaction-trigger -reactionName PAINTING_81 -command [ building/subtype-change -building \\BUILDING_ID -type PAINTING_81 ]
Invoking: modtools/reaction-trigger -reactionName PAINTING_82 -command [ building/subtype-change -building \\BUILDING_ID -type PAINTING_82 ]
Invoking: modtools/reaction-trigger -reactionName PAINTING_83 -command [ building/subtype-change -building \\BUILDING_ID -type PAINTING_83 ]
Invoking: modtools/reaction-trigger -reactionName PAINTING_84 -command [ building/subtype-change -building \\BUILDING_ID -type PAINTING_84 ]
Invoking: modtools/reaction-trigger -reactionName PAINTING_85 -command [ building/subtype-change -building \\BUILDING_ID -type PAINTING_85 ]
Invoking: modtools/reaction-trigger -reactionName PAINTING_86 -command [ building/subtype-change -building \\BUILDING_ID -type PAINTING_86 ]
Invoking: modtools/reaction-trigger -reactionName PAINTING_87 -command [ building/subtype-change -building \\BUILDING_ID -type PAINTING_87 ]
Invoking: modtools/reaction-trigger -reactionName PAINTING_88 -command [ building/subtype-change -building \\BUILDING_ID -type PAINTING_88 ]
Invoking: modtools/reaction-trigger -reactionName PAINTING_89 -command [ building/subtype-change -building \\BUILDING_ID -type PAINTING_89 ]
Invoking: modtools/reaction-trigger -reactionName PAINTING_90 -command [ building/subtype-change -building \\BUILDING_ID -type PAINTING_90 ]
Invoking: modtools/reaction-trigger -reactionName PAINTING_91 -command [ building/subtype-change -building \\BUILDING_ID -type PAINTING_91 ]
Invoking: modtools/reaction-trigger -reactionName PAINTING_92 -command [ building/subtype-change -building \\BUILDING_ID -type PAINTING_92 ]
Invoking: modtools/reaction-trigger -reactionName PAINTING_93 -command [ building/subtype-change -building \\BUILDING_ID -type PAINTING_93 ]
Invoking: modtools/reaction-trigger -reactionName PAINTING_94 -command [ building/subtype-change -building \\BUILDING_ID -type PAINTING_94 ]
Invoking: modtools/reaction-trigger -reactionName PAINTING_95 -command [ building/subtype-change -building \\BUILDING_ID -type PAINTING_95 ]
Invoking: modtools/reaction-trigger -reactionName PAINTING_96 -command [ building/subtype-change -building \\BUILDING_ID -type PAINTING_96 ]
Invoking: twbt unit_transparency 1
Invoking: twbt workshop_transparency 1
Invoking: twbt redraw_all 1
Invoking: repeat -name warn-starving -time 10 -timeUnits days -command [ warn-starving ]
Invoking: warn-starving
Invoking: prospect
Invoking: prospect
Invoking: prospect
Invoking: prospect
Invoking: prospect
Invoking: prospect
Invoking: prospect
Invoking: prospect
Invoking: prospect
Invoking: prospect
Invoking: prospect
Invoking: prospect
Invoking: prospect
Invoking: prospect
Invoking: prospect
Invoking: prospect
Invoking: prospect
Invoking: prospect
Invoking: prospect
Invoking: prospect
Invoking: prospect
Invoking: prospect
Invoking: prospect
Invoking: prospect
Invoking: prospect
Invoking: prospect
Invoking: prospect
Invoking: prospect
Invoking: prospect
Invoking: prospect
Invoking: superdwarf
Invoking: superdwarf add all
Invoking: superdwarf add
Invoking: superdwarf add
Invoking: fastdwarf 1 1
Invoking: warn-starving
Invoking: armoks-blessing
Invoking: warn-starving
Invoking: warn-starving
Plugin twbt has failed to shutdown!
