2018-Jul-01 00:30:24.135 INFO	core	Dwarf Therapist "39.3.1" starting normally. [E:\projects\Dwarf-Therapist\src\dwarftherapist.cpp:186] (DwarfTherapist::setup_logging)
2018-Jul-01 00:30:24.136 INFO	core	Runtime QT Version 5.9.4 [E:\projects\Dwarf-Therapist\src\dwarftherapist.cpp:187] (DwarfTherapist::setup_logging)
2018-Jul-01 00:30:25.085 INFO	core	beginning to read settings [E:\projects\Dwarf-Therapist\src\dwarftherapist.cpp:213] (DwarfTherapist::read_settings)
2018-Jul-01 00:30:25.119 INFO	core	finished reading settings [E:\projects\Dwarf-Therapist\src\dwarftherapist.cpp:264] (DwarfTherapist::read_settings)
2018-Jul-01 00:30:25.209 INFO	core	attempting connection to running DF game [E:\projects\Dwarf-Therapist\src\mainwindow.cpp:406] (MainWindow::connect_to_df)
2018-Jul-01 00:30:25.211 INFO	core	opening layout "C:/DF_MOD~1/KSDF/KEEPSA~1/LNP/Utilities/DwarfTherapist/share/memory_layouts/windows/v0.42.01_graphics_win.ini" [E:\projects\Dwarf-Therapist\src\dfinstance.cpp:105] (DFInstance::DFInstance)
2018-Jul-01 00:30:25.213 INFO	core	adding valid layout "v0.42.01 (graphics) win" checksum: "0x565ca0e6" SHA: "d359ca9347936d47f1d536e303fc3b902303e0a0" [E:\projects\Dwarf-Therapist\src\dfinstance.cpp:112] (DFInstance::DFInstance)
2018-Jul-01 00:30:25.213 INFO	core	opening layout "C:/DF_MOD~1/KSDF/KEEPSA~1/LNP/Utilities/DwarfTherapist/share/memory_layouts/windows/v0.42.02_graphics_win.ini" [E:\projects\Dwarf-Therapist\src\dfinstance.cpp:105] (DFInstance::DFInstance)
2018-Jul-01 00:30:25.214 INFO	core	adding valid layout "v0.42.02 (graphics) win" checksum: "0x56633788" SHA: "3b1b62e68a16963767243a37e362b7eaeaad1a3a" [E:\projects\Dwarf-Therapist\src\dfinstance.cpp:112] (DFInstance::DFInstance)
2018-Jul-01 00:30:25.214 INFO	core	opening layout "C:/DF_MOD~1/KSDF/KEEPSA~1/LNP/Utilities/DwarfTherapist/share/memory_layouts/windows/v0.42.03_graphics_win.ini" [E:\projects\Dwarf-Therapist\src\dfinstance.cpp:105] (DFInstance::DFInstance)
2018-Jul-01 00:30:25.216 INFO	core	adding valid layout "v0.42.03 (graphics) win" checksum: "0x566c7776" SHA: "747ead87b43be1b5b70f3a838113a63cee6ebd6f" [E:\projects\Dwarf-Therapist\src\dfinstance.cpp:112] (DFInstance::DFInstance)
2018-Jul-01 00:30:25.216 INFO	core	opening layout "C:/DF_MOD~1/KSDF/KEEPSA~1/LNP/Utilities/DwarfTherapist/share/memory_layouts/windows/v0.42.04_graphics_win.ini" [E:\projects\Dwarf-Therapist\src\dfinstance.cpp:105] (DFInstance::DFInstance)
2018-Jul-01 00:30:25.218 INFO	core	adding valid layout "v0.42.04 (graphics) win" checksum: "0x567ef345" SHA: "0fa1a009508d9b271ae86cfde75f35741ddbc3c3" [E:\projects\Dwarf-Therapist\src\dfinstance.cpp:112] (DFInstance::DFInstance)
2018-Jul-01 00:30:25.218 INFO	core	opening layout "C:/DF_MOD~1/KSDF/KEEPSA~1/LNP/Utilities/DwarfTherapist/share/memory_layouts/windows/v0.42.05_graphics_win.ini" [E:\projects\Dwarf-Therapist\src\dfinstance.cpp:105] (DFInstance::DFInstance)
2018-Jul-01 00:30:25.219 INFO	core	adding valid layout "v0.42.05 (graphics) win" checksum: "0x569bf3df" SHA: "2c38c07aa67947bc4fa52f0c7086e5cf608cb0cc" [E:\projects\Dwarf-Therapist\src\dfinstance.cpp:112] (DFInstance::DFInstance)
2018-Jul-01 00:30:25.219 INFO	core	opening layout "C:/DF_MOD~1/KSDF/KEEPSA~1/LNP/Utilities/DwarfTherapist/share/memory_layouts/windows/v0.42.06_graphics_win.ini" [E:\projects\Dwarf-Therapist\src\dfinstance.cpp:105] (DFInstance::DFInstance)
2018-Jul-01 00:30:25.221 INFO	core	adding valid layout "v0.42.06 (graphics) win" checksum: "0x56bba192" SHA: "7d778155de6ecdaa5c2933af7f14e69601069477" [E:\projects\Dwarf-Therapist\src\dfinstance.cpp:112] (DFInstance::DFInstance)
2018-Jul-01 00:30:25.221 INFO	core	opening layout "C:/DF_MOD~1/KSDF/KEEPSA~1/LNP/Utilities/DwarfTherapist/share/memory_layouts/windows/v0.43.01_graphics_win.ini" [E:\projects\Dwarf-Therapist\src\dfinstance.cpp:105] (DFInstance::DFInstance)
2018-Jul-01 00:30:25.222 INFO	core	adding valid layout "v0.43.01 (graphics) win" checksum: "0x5731022d" SHA: "c17c0f62c50a4ac91360271fe7317433a4fb56a9" [E:\projects\Dwarf-Therapist\src\dfinstance.cpp:112] (DFInstance::DFInstance)
2018-Jul-01 00:30:25.222 INFO	core	opening layout "C:/DF_MOD~1/KSDF/KEEPSA~1/LNP/Utilities/DwarfTherapist/share/memory_layouts/windows/v0.43.02_graphics_win.ini" [E:\projects\Dwarf-Therapist\src\dfinstance.cpp:105] (DFInstance::DFInstance)
2018-Jul-01 00:30:25.224 INFO	core	adding valid layout "v0.43.02 (graphics) win" checksum: "0x5733848a" SHA: "97a9222673f762f1acc5e4cfe737e380b4a1108a" [E:\projects\Dwarf-Therapist\src\dfinstance.cpp:112] (DFInstance::DFInstance)
2018-Jul-01 00:30:25.224 INFO	core	opening layout "C:/DF_MOD~1/KSDF/KEEPSA~1/LNP/Utilities/DwarfTherapist/share/memory_layouts/windows/v0.43.03_graphics_win.ini" [E:\projects\Dwarf-Therapist\src\dfinstance.cpp:105] (DFInstance::DFInstance)
2018-Jul-01 00:30:25.225 INFO	core	adding valid layout "v0.43.03 (graphics) win" checksum: "0x57420c94" SHA: "f58253a32c8a719959d5c55096614f80c34b7d00" [E:\projects\Dwarf-Therapist\src\dfinstance.cpp:112] (DFInstance::DFInstance)
2018-Jul-01 00:30:25.225 INFO	core	opening layout "C:/DF_MOD~1/KSDF/KEEPSA~1/LNP/Utilities/DwarfTherapist/share/memory_layouts/windows/v0.43.05_graphics_win32.ini" [E:\projects\Dwarf-Therapist\src\dfinstance.cpp:105] (DFInstance::DFInstance)
2018-Jul-01 00:30:25.227 INFO	core	adding valid layout "v0.43.05 (graphics) win32" checksum: "0x577b57ff" SHA: "29eb9fbdba3efc4abbc08d49431621f937697b12" [E:\projects\Dwarf-Therapist\src\dfinstance.cpp:112] (DFInstance::DFInstance)
2018-Jul-01 00:30:25.227 INFO	core	opening layout "C:/DF_MOD~1/KSDF/KEEPSA~1/LNP/Utilities/DwarfTherapist/share/memory_layouts/windows/v0.43.05_graphics_win64.ini" [E:\projects\Dwarf-Therapist\src\dfinstance.cpp:105] (DFInstance::DFInstance)
2018-Jul-01 00:30:25.228 INFO	core	adding valid layout "v0.43.05 (graphics) win64" checksum: "0x577b5e93" SHA: "5218ec4e1e6c5f3dbc63f8ce46ad7e6e218c796a" [E:\projects\Dwarf-Therapist\src\dfinstance.cpp:112] (DFInstance::DFInstance)
2018-Jul-01 00:30:25.228 INFO	core	opening layout "C:/DF_MOD~1/KSDF/KEEPSA~1/LNP/Utilities/DwarfTherapist/share/memory_layouts/windows/v0.44.02_graphics_win32.ini" [E:\projects\Dwarf-Therapist\src\dfinstance.cpp:105] (DFInstance::DFInstance)
2018-Jul-01 00:30:25.230 INFO	core	adding valid layout "v0.44.02 (graphics) win32" checksum: "0x5a175fbd" SHA: "e5738d69fc608669759934e077de17ce5869fd53" [E:\projects\Dwarf-Therapist\src\dfinstance.cpp:112] (DFInstance::DFInstance)
2018-Jul-01 00:30:25.230 INFO	core	opening layout "C:/DF_MOD~1/KSDF/KEEPSA~1/LNP/Utilities/DwarfTherapist/share/memory_layouts/windows/v0.44.02_graphics_win64.ini" [E:\projects\Dwarf-Therapist\src\dfinstance.cpp:105] (DFInstance::DFInstance)
2018-Jul-01 00:30:25.231 INFO	core	adding valid layout "v0.44.02 (graphics) win64" checksum: "0x5a176770" SHA: "9e831bd40c8229de10a952d9ce382dcb3181b40c" [E:\projects\Dwarf-Therapist\src\dfinstance.cpp:112] (DFInstance::DFInstance)
2018-Jul-01 00:30:25.231 INFO	core	opening layout "C:/DF_MOD~1/KSDF/KEEPSA~1/LNP/Utilities/DwarfTherapist/share/memory_layouts/windows/v0.44.03_graphics_win32.ini" [E:\projects\Dwarf-Therapist\src\dfinstance.cpp:105] (DFInstance::DFInstance)
2018-Jul-01 00:30:25.233 INFO	core	adding valid layout "v0.44.03 (graphics) win32" checksum: "0x5a40bfbf" SHA: "4ea302a365d2d3b08e368bac3ae84597f69029c4" [E:\projects\Dwarf-Therapist\src\dfinstance.cpp:112] (DFInstance::DFInstance)
2018-Jul-01 00:30:25.233 INFO	core	opening layout "C:/DF_MOD~1/KSDF/KEEPSA~1/LNP/Utilities/DwarfTherapist/share/memory_layouts/windows/v0.44.03_graphics_win64.ini" [E:\projects\Dwarf-Therapist\src\dfinstance.cpp:105] (DFInstance::DFInstance)
2018-Jul-01 00:30:25.234 INFO	core	adding valid layout "v0.44.03 (graphics) win64" checksum: "0x5a40c6db" SHA: "21e3debe6634dda0a254491c9c60efc0e82876df" [E:\projects\Dwarf-Therapist\src\dfinstance.cpp:112] (DFInstance::DFInstance)
2018-Jul-01 00:30:25.234 INFO	core	opening layout "C:/DF_MOD~1/KSDF/KEEPSA~1/LNP/Utilities/DwarfTherapist/share/memory_layouts/windows/v0.44.04_graphics_win32.ini" [E:\projects\Dwarf-Therapist\src\dfinstance.cpp:105] (DFInstance::DFInstance)
2018-Jul-01 00:30:25.236 INFO	core	adding valid layout "v0.44.04 (graphics) win32" checksum: "0x5a5687e6" SHA: "7ab86d32eb2c5adb1a71edb6854e57a7fb116f91" [E:\projects\Dwarf-Therapist\src\dfinstance.cpp:112] (DFInstance::DFInstance)
2018-Jul-01 00:30:25.236 INFO	core	opening layout "C:/DF_MOD~1/KSDF/KEEPSA~1/LNP/Utilities/DwarfTherapist/share/memory_layouts/windows/v0.44.04_graphics_win64.ini" [E:\projects\Dwarf-Therapist\src\dfinstance.cpp:105] (DFInstance::DFInstance)
2018-Jul-01 00:30:25.237 INFO	core	adding valid layout "v0.44.04 (graphics) win64" checksum: "0x5a568f07" SHA: "cf5b103cfa8e1504eb86a028e67d430ec1e1328d" [E:\projects\Dwarf-Therapist\src\dfinstance.cpp:112] (DFInstance::DFInstance)
2018-Jul-01 00:30:25.237 INFO	core	opening layout "C:/DF_MOD~1/KSDF/KEEPSA~1/LNP/Utilities/DwarfTherapist/share/memory_layouts/windows/v0.44.05_graphics_win32.ini" [E:\projects\Dwarf-Therapist\src\dfinstance.cpp:105] (DFInstance::DFInstance)
2018-Jul-01 00:30:25.239 INFO	core	adding valid layout "v0.44.05 (graphics) win32" checksum: "0x5a5bb383" SHA: "a0c18579181ae5f245fbfb512013076bd5fb654c" [E:\projects\Dwarf-Therapist\src\dfinstance.cpp:112] (DFInstance::DFInstance)
2018-Jul-01 00:30:25.239 INFO	core	opening layout "C:/DF_MOD~1/KSDF/KEEPSA~1/LNP/Utilities/DwarfTherapist/share/memory_layouts/windows/v0.44.05_graphics_win64.ini" [E:\projects\Dwarf-Therapist\src\dfinstance.cpp:105] (DFInstance::DFInstance)
2018-Jul-01 00:30:25.240 INFO	core	adding valid layout "v0.44.05 (graphics) win64" checksum: "0x5a5bbc62" SHA: "56d3e713f01606ebafd1d9a19206076fe01e5e1e" [E:\projects\Dwarf-Therapist\src\dfinstance.cpp:112] (DFInstance::DFInstance)
2018-Jul-01 00:30:25.240 INFO	core	opening layout "C:/DF_MOD~1/KSDF/KEEPSA~1/LNP/Utilities/DwarfTherapist/share/memory_layouts/windows/v0.44.06_graphics_win32.ini" [E:\projects\Dwarf-Therapist\src\dfinstance.cpp:105] (DFInstance::DFInstance)
2018-Jul-01 00:30:25.242 INFO	core	adding valid layout "v0.44.06 (graphics) win32" checksum: "0x5aa2ef43" SHA: "cb5e0b3f8f151969e33c918d07dda795a82e3be2" [E:\projects\Dwarf-Therapist\src\dfinstance.cpp:112] (DFInstance::DFInstance)
2018-Jul-01 00:30:25.242 INFO	core	opening layout "C:/DF_MOD~1/KSDF/KEEPSA~1/LNP/Utilities/DwarfTherapist/share/memory_layouts/windows/v0.44.06_graphics_win64.ini" [E:\projects\Dwarf-Therapist\src\dfinstance.cpp:105] (DFInstance::DFInstance)
2018-Jul-01 00:30:25.244 INFO	core	adding valid layout "v0.44.06 (graphics) win64" checksum: "0x5aa2f81a" SHA: "04524e72898b267382a888a53a4f3e856d28a0e0" [E:\projects\Dwarf-Therapist\src\dfinstance.cpp:112] (DFInstance::DFInstance)
2018-Jul-01 00:30:25.244 INFO	core	opening layout "C:/DF_MOD~1/KSDF/KEEPSA~1/LNP/Utilities/DwarfTherapist/share/memory_layouts/windows/v0.44.07_graphics_win32.ini" [E:\projects\Dwarf-Therapist\src\dfinstance.cpp:105] (DFInstance::DFInstance)
2018-Jul-01 00:30:25.245 INFO	core	adding valid layout "v0.44.07 (graphics) win32" checksum: "0x5aa6e660" SHA: "5f3c37e0a39d20fdb298713ead4affe23563b95b" [E:\projects\Dwarf-Therapist\src\dfinstance.cpp:112] (DFInstance::DFInstance)
2018-Jul-01 00:30:25.245 INFO	core	opening layout "C:/DF_MOD~1/KSDF/KEEPSA~1/LNP/Utilities/DwarfTherapist/share/memory_layouts/windows/v0.44.07_graphics_win64.ini" [E:\projects\Dwarf-Therapist\src\dfinstance.cpp:105] (DFInstance::DFInstance)
2018-Jul-01 00:30:25.247 INFO	core	adding valid layout "v0.44.07 (graphics) win64" checksum: "0x5aa6ed50" SHA: "e42795637cbf8b4a66eb8241e1625c2e6dd58372" [E:\projects\Dwarf-Therapist\src\dfinstance.cpp:112] (DFInstance::DFInstance)
2018-Jul-01 00:30:25.247 INFO	core	opening layout "C:/DF_MOD~1/KSDF/KEEPSA~1/LNP/Utilities/DwarfTherapist/share/memory_layouts/windows/v0.44.08_graphics_win32.ini" [E:\projects\Dwarf-Therapist\src\dfinstance.cpp:105] (DFInstance::DFInstance)
2018-Jul-01 00:30:25.248 INFO	core	adding valid layout "v0.44.08 (graphics) win32" checksum: "0x5abc6b3c" SHA: "de8d442014991efdbd3705ccad453e3793b32aa3" [E:\projects\Dwarf-Therapist\src\dfinstance.cpp:112] (DFInstance::DFInstance)
2018-Jul-01 00:30:25.248 INFO	core	opening layout "C:/DF_MOD~1/KSDF/KEEPSA~1/LNP/Utilities/DwarfTherapist/share/memory_layouts/windows/v0.44.08_graphics_win64.ini" [E:\projects\Dwarf-Therapist\src\dfinstance.cpp:105] (DFInstance::DFInstance)
2018-Jul-01 00:30:25.250 INFO	core	adding valid layout "v0.44.08 (graphics) win64" checksum: "0x5abc72b1" SHA: "1b2fb38022e8862c0ff3bc999a4f2759848a3714" [E:\projects\Dwarf-Therapist\src\dfinstance.cpp:112] (DFInstance::DFInstance)
2018-Jul-01 00:30:25.250 INFO	core	opening layout "C:/DF_MOD~1/KSDF/KEEPSA~1/LNP/Utilities/DwarfTherapist/share/memory_layouts/windows/v0.44.09_graphics_win32.ini" [E:\projects\Dwarf-Therapist\src\dfinstance.cpp:105] (DFInstance::DFInstance)
2018-Jul-01 00:30:25.251 INFO	core	adding valid layout "v0.44.09 (graphics) win32" checksum: "0x5ac04796" SHA: "6f2b799d0590eb74869fadfb279861a9488bce3b" [E:\projects\Dwarf-Therapist\src\dfinstance.cpp:112] (DFInstance::DFInstance)
2018-Jul-01 00:30:25.251 INFO	core	opening layout "C:/DF_MOD~1/KSDF/KEEPSA~1/LNP/Utilities/DwarfTherapist/share/memory_layouts/windows/v0.44.09_graphics_win64.ini" [E:\projects\Dwarf-Therapist\src\dfinstance.cpp:105] (DFInstance::DFInstance)
2018-Jul-01 00:30:25.253 INFO	core	adding valid layout "v0.44.09 (graphics) win64" checksum: "0x5ac04f66" SHA: "15e673ab9bffd92da293d8d9b2009b980c54d461" [E:\projects\Dwarf-Therapist\src\dfinstance.cpp:112] (DFInstance::DFInstance)
2018-Jul-01 00:30:25.256 INFO	core	opening layout "C:/DF_MOD~1/KSDF/KEEPSA~1/LNP/Utilities/DwarfTherapist/share/memory_layouts/windows/v0.42.01_graphics_win.ini" [E:\projects\Dwarf-Therapist\src\dfinstance.cpp:105] (DFInstance::DFInstance)
2018-Jul-01 00:30:25.257 INFO	core	ignoring already added layout, checksum: "0x565ca0e6" [E:\projects\Dwarf-Therapist\src\dfinstance.cpp:115] (DFInstance::DFInstance)
2018-Jul-01 00:30:25.257 INFO	core	opening layout "C:/DF_MOD~1/KSDF/KEEPSA~1/LNP/Utilities/DwarfTherapist/share/memory_layouts/windows/v0.42.02_graphics_win.ini" [E:\projects\Dwarf-Therapist\src\dfinstance.cpp:105] (DFInstance::DFInstance)
2018-Jul-01 00:30:25.258 INFO	core	ignoring already added layout, checksum: "0x56633788" [E:\projects\Dwarf-Therapist\src\dfinstance.cpp:115] (DFInstance::DFInstance)
2018-Jul-01 00:30:25.258 INFO	core	opening layout "C:/DF_MOD~1/KSDF/KEEPSA~1/LNP/Utilities/DwarfTherapist/share/memory_layouts/windows/v0.42.03_graphics_win.ini" [E:\projects\Dwarf-Therapist\src\dfinstance.cpp:105] (DFInstance::DFInstance)
2018-Jul-01 00:30:25.259 INFO	core	ignoring already added layout, checksum: "0x566c7776" [E:\projects\Dwarf-Therapist\src\dfinstance.cpp:115] (DFInstance::DFInstance)
2018-Jul-01 00:30:25.259 INFO	core	opening layout "C:/DF_MOD~1/KSDF/KEEPSA~1/LNP/Utilities/DwarfTherapist/share/memory_layouts/windows/v0.42.04_graphics_win.ini" [E:\projects\Dwarf-Therapist\src\dfinstance.cpp:105] (DFInstance::DFInstance)
2018-Jul-01 00:30:25.260 INFO	core	ignoring already added layout, checksum: "0x567ef345" [E:\projects\Dwarf-Therapist\src\dfinstance.cpp:115] (DFInstance::DFInstance)
2018-Jul-01 00:30:25.260 INFO	core	opening layout "C:/DF_MOD~1/KSDF/KEEPSA~1/LNP/Utilities/DwarfTherapist/share/memory_layouts/windows/v0.42.05_graphics_win.ini" [E:\projects\Dwarf-Therapist\src\dfinstance.cpp:105] (DFInstance::DFInstance)
2018-Jul-01 00:30:25.261 INFO	core	ignoring already added layout, checksum: "0x569bf3df" [E:\projects\Dwarf-Therapist\src\dfinstance.cpp:115] (DFInstance::DFInstance)
2018-Jul-01 00:30:25.261 INFO	core	opening layout "C:/DF_MOD~1/KSDF/KEEPSA~1/LNP/Utilities/DwarfTherapist/share/memory_layouts/windows/v0.42.06_graphics_win.ini" [E:\projects\Dwarf-Therapist\src\dfinstance.cpp:105] (DFInstance::DFInstance)
2018-Jul-01 00:30:25.262 INFO	core	ignoring already added layout, checksum: "0x56bba192" [E:\projects\Dwarf-Therapist\src\dfinstance.cpp:115] (DFInstance::DFInstance)
2018-Jul-01 00:30:25.262 INFO	core	opening layout "C:/DF_MOD~1/KSDF/KEEPSA~1/LNP/Utilities/DwarfTherapist/share/memory_layouts/windows/v0.43.01_graphics_win.ini" [E:\projects\Dwarf-Therapist\src\dfinstance.cpp:105] (DFInstance::DFInstance)
2018-Jul-01 00:30:25.263 INFO	core	ignoring already added layout, checksum: "0x5731022d" [E:\projects\Dwarf-Therapist\src\dfinstance.cpp:115] (DFInstance::DFInstance)
2018-Jul-01 00:30:25.263 INFO	core	opening layout "C:/DF_MOD~1/KSDF/KEEPSA~1/LNP/Utilities/DwarfTherapist/share/memory_layouts/windows/v0.43.02_graphics_win.ini" [E:\projects\Dwarf-Therapist\src\dfinstance.cpp:105] (DFInstance::DFInstance)
2018-Jul-01 00:30:25.264 INFO	core	ignoring already added layout, checksum: "0x5733848a" [E:\projects\Dwarf-Therapist\src\dfinstance.cpp:115] (DFInstance::DFInstance)
2018-Jul-01 00:30:25.264 INFO	core	opening layout "C:/DF_MOD~1/KSDF/KEEPSA~1/LNP/Utilities/DwarfTherapist/share/memory_layouts/windows/v0.43.03_graphics_win.ini" [E:\projects\Dwarf-Therapist\src\dfinstance.cpp:105] (DFInstance::DFInstance)
2018-Jul-01 00:30:25.265 INFO	core	ignoring already added layout, checksum: "0x57420c94" [E:\projects\Dwarf-Therapist\src\dfinstance.cpp:115] (DFInstance::DFInstance)
2018-Jul-01 00:30:25.265 INFO	core	opening layout "C:/DF_MOD~1/KSDF/KEEPSA~1/LNP/Utilities/DwarfTherapist/share/memory_layouts/windows/v0.43.05_graphics_win32.ini" [E:\projects\Dwarf-Therapist\src\dfinstance.cpp:105] (DFInstance::DFInstance)
2018-Jul-01 00:30:25.266 INFO	core	ignoring already added layout, checksum: "0x577b57ff" [E:\projects\Dwarf-Therapist\src\dfinstance.cpp:115] (DFInstance::DFInstance)
2018-Jul-01 00:30:25.266 INFO	core	opening layout "C:/DF_MOD~1/KSDF/KEEPSA~1/LNP/Utilities/DwarfTherapist/share/memory_layouts/windows/v0.43.05_graphics_win64.ini" [E:\projects\Dwarf-Therapist\src\dfinstance.cpp:105] (DFInstance::DFInstance)
2018-Jul-01 00:30:25.267 INFO	core	ignoring already added layout, checksum: "0x577b5e93" [E:\projects\Dwarf-Therapist\src\dfinstance.cpp:115] (DFInstance::DFInstance)
2018-Jul-01 00:30:25.267 INFO	core	opening layout "C:/DF_MOD~1/KSDF/KEEPSA~1/LNP/Utilities/DwarfTherapist/share/memory_layouts/windows/v0.44.02_graphics_win32.ini" [E:\projects\Dwarf-Therapist\src\dfinstance.cpp:105] (DFInstance::DFInstance)
2018-Jul-01 00:30:25.268 INFO	core	ignoring already added layout, checksum: "0x5a175fbd" [E:\projects\Dwarf-Therapist\src\dfinstance.cpp:115] (DFInstance::DFInstance)
2018-Jul-01 00:30:25.268 INFO	core	opening layout "C:/DF_MOD~1/KSDF/KEEPSA~1/LNP/Utilities/DwarfTherapist/share/memory_layouts/windows/v0.44.02_graphics_win64.ini" [E:\projects\Dwarf-Therapist\src\dfinstance.cpp:105] (DFInstance::DFInstance)
2018-Jul-01 00:30:25.269 INFO	core	ignoring already added layout, checksum: "0x5a176770" [E:\projects\Dwarf-Therapist\src\dfinstance.cpp:115] (DFInstance::DFInstance)
2018-Jul-01 00:30:25.269 INFO	core	opening layout "C:/DF_MOD~1/KSDF/KEEPSA~1/LNP/Utilities/DwarfTherapist/share/memory_layouts/windows/v0.44.03_graphics_win32.ini" [E:\projects\Dwarf-Therapist\src\dfinstance.cpp:105] (DFInstance::DFInstance)
2018-Jul-01 00:30:25.270 INFO	core	ignoring already added layout, checksum: "0x5a40bfbf" [E:\projects\Dwarf-Therapist\src\dfinstance.cpp:115] (DFInstance::DFInstance)
2018-Jul-01 00:30:25.270 INFO	core	opening layout "C:/DF_MOD~1/KSDF/KEEPSA~1/LNP/Utilities/DwarfTherapist/share/memory_layouts/windows/v0.44.03_graphics_win64.ini" [E:\projects\Dwarf-Therapist\src\dfinstance.cpp:105] (DFInstance::DFInstance)
2018-Jul-01 00:30:25.271 INFO	core	ignoring already added layout, checksum: "0x5a40c6db" [E:\projects\Dwarf-Therapist\src\dfinstance.cpp:115] (DFInstance::DFInstance)
2018-Jul-01 00:30:25.271 INFO	core	opening layout "C:/DF_MOD~1/KSDF/KEEPSA~1/LNP/Utilities/DwarfTherapist/share/memory_layouts/windows/v0.44.04_graphics_win32.ini" [E:\projects\Dwarf-Therapist\src\dfinstance.cpp:105] (DFInstance::DFInstance)
2018-Jul-01 00:30:25.272 INFO	core	ignoring already added layout, checksum: "0x5a5687e6" [E:\projects\Dwarf-Therapist\src\dfinstance.cpp:115] (DFInstance::DFInstance)
2018-Jul-01 00:30:25.272 INFO	core	opening layout "C:/DF_MOD~1/KSDF/KEEPSA~1/LNP/Utilities/DwarfTherapist/share/memory_layouts/windows/v0.44.04_graphics_win64.ini" [E:\projects\Dwarf-Therapist\src\dfinstance.cpp:105] (DFInstance::DFInstance)
2018-Jul-01 00:30:25.273 INFO	core	ignoring already added layout, checksum: "0x5a568f07" [E:\projects\Dwarf-Therapist\src\dfinstance.cpp:115] (DFInstance::DFInstance)
2018-Jul-01 00:30:25.273 INFO	core	opening layout "C:/DF_MOD~1/KSDF/KEEPSA~1/LNP/Utilities/DwarfTherapist/share/memory_layouts/windows/v0.44.05_graphics_win32.ini" [E:\projects\Dwarf-Therapist\src\dfinstance.cpp:105] (DFInstance::DFInstance)
2018-Jul-01 00:30:25.274 INFO	core	ignoring already added layout, checksum: "0x5a5bb383" [E:\projects\Dwarf-Therapist\src\dfinstance.cpp:115] (DFInstance::DFInstance)
2018-Jul-01 00:30:25.274 INFO	core	opening layout "C:/DF_MOD~1/KSDF/KEEPSA~1/LNP/Utilities/DwarfTherapist/share/memory_layouts/windows/v0.44.05_graphics_win64.ini" [E:\projects\Dwarf-Therapist\src\dfinstance.cpp:105] (DFInstance::DFInstance)
2018-Jul-01 00:30:25.275 INFO	core	ignoring already added layout, checksum: "0x5a5bbc62" [E:\projects\Dwarf-Therapist\src\dfinstance.cpp:115] (DFInstance::DFInstance)
2018-Jul-01 00:30:25.275 INFO	core	opening layout "C:/DF_MOD~1/KSDF/KEEPSA~1/LNP/Utilities/DwarfTherapist/share/memory_layouts/windows/v0.44.06_graphics_win32.ini" [E:\projects\Dwarf-Therapist\src\dfinstance.cpp:105] (DFInstance::DFInstance)
2018-Jul-01 00:30:25.276 INFO	core	ignoring already added layout, checksum: "0x5aa2ef43" [E:\projects\Dwarf-Therapist\src\dfinstance.cpp:115] (DFInstance::DFInstance)
2018-Jul-01 00:30:25.276 INFO	core	opening layout "C:/DF_MOD~1/KSDF/KEEPSA~1/LNP/Utilities/DwarfTherapist/share/memory_layouts/windows/v0.44.06_graphics_win64.ini" [E:\projects\Dwarf-Therapist\src\dfinstance.cpp:105] (DFInstance::DFInstance)
2018-Jul-01 00:30:25.277 INFO	core	ignoring already added layout, checksum: "0x5aa2f81a" [E:\projects\Dwarf-Therapist\src\dfinstance.cpp:115] (DFInstance::DFInstance)
2018-Jul-01 00:30:25.277 INFO	core	opening layout "C:/DF_MOD~1/KSDF/KEEPSA~1/LNP/Utilities/DwarfTherapist/share/memory_layouts/windows/v0.44.07_graphics_win32.ini" [E:\projects\Dwarf-Therapist\src\dfinstance.cpp:105] (DFInstance::DFInstance)
2018-Jul-01 00:30:25.277 INFO	core	ignoring already added layout, checksum: "0x5aa6e660" [E:\projects\Dwarf-Therapist\src\dfinstance.cpp:115] (DFInstance::DFInstance)
2018-Jul-01 00:30:25.278 INFO	core	opening layout "C:/DF_MOD~1/KSDF/KEEPSA~1/LNP/Utilities/DwarfTherapist/share/memory_layouts/windows/v0.44.07_graphics_win64.ini" [E:\projects\Dwarf-Therapist\src\dfinstance.cpp:105] (DFInstance::DFInstance)
2018-Jul-01 00:30:25.279 INFO	core	ignoring already added layout, checksum: "0x5aa6ed50" [E:\projects\Dwarf-Therapist\src\dfinstance.cpp:115] (DFInstance::DFInstance)
2018-Jul-01 00:30:25.279 INFO	core	opening layout "C:/DF_MOD~1/KSDF/KEEPSA~1/LNP/Utilities/DwarfTherapist/share/memory_layouts/windows/v0.44.08_graphics_win32.ini" [E:\projects\Dwarf-Therapist\src\dfinstance.cpp:105] (DFInstance::DFInstance)
2018-Jul-01 00:30:25.279 INFO	core	ignoring already added layout, checksum: "0x5abc6b3c" [E:\projects\Dwarf-Therapist\src\dfinstance.cpp:115] (DFInstance::DFInstance)
2018-Jul-01 00:30:25.280 INFO	core	opening layout "C:/DF_MOD~1/KSDF/KEEPSA~1/LNP/Utilities/DwarfTherapist/share/memory_layouts/windows/v0.44.08_graphics_win64.ini" [E:\projects\Dwarf-Therapist\src\dfinstance.cpp:105] (DFInstance::DFInstance)
2018-Jul-01 00:30:25.281 INFO	core	ignoring already added layout, checksum: "0x5abc72b1" [E:\projects\Dwarf-Therapist\src\dfinstance.cpp:115] (DFInstance::DFInstance)
2018-Jul-01 00:30:25.281 INFO	core	opening layout "C:/DF_MOD~1/KSDF/KEEPSA~1/LNP/Utilities/DwarfTherapist/share/memory_layouts/windows/v0.44.09_graphics_win32.ini" [E:\projects\Dwarf-Therapist\src\dfinstance.cpp:105] (DFInstance::DFInstance)
2018-Jul-01 00:30:25.281 INFO	core	ignoring already added layout, checksum: "0x5ac04796" [E:\projects\Dwarf-Therapist\src\dfinstance.cpp:115] (DFInstance::DFInstance)
2018-Jul-01 00:30:25.282 INFO	core	opening layout "C:/DF_MOD~1/KSDF/KEEPSA~1/LNP/Utilities/DwarfTherapist/share/memory_layouts/windows/v0.44.09_graphics_win64.ini" [E:\projects\Dwarf-Therapist\src\dfinstance.cpp:105] (DFInstance::DFInstance)
2018-Jul-01 00:30:25.283 INFO	core	ignoring already added layout, checksum: "0x5ac04f66" [E:\projects\Dwarf-Therapist\src\dfinstance.cpp:115] (DFInstance::DFInstance)
2018-Jul-01 00:30:25.283 INFO	core	attempting to find running copy of DF [E:\projects\Dwarf-Therapist\src\dfinstancewindows.cpp:236] (DFInstanceWindows::find_running_copy)
2018-Jul-01 00:30:25.288 INFO	core	PID of process is:  876 [E:\projects\Dwarf-Therapist\src\dfinstancewindows.cpp:242] (DFInstanceWindows::find_running_copy)
2018-Jul-01 00:30:25.288 INFO	core	PROC HANDLE: 0x498 [E:\projects\Dwarf-Therapist\src\dfinstancewindows.cpp:252] (DFInstanceWindows::find_running_copy)
2018-Jul-01 00:30:25.291 INFO	core	RAW BASE ADDRESS: 140701563879424 [E:\projects\Dwarf-Therapist\src\dfinstancewindows.cpp:283] (DFInstanceWindows::find_running_copy)
2018-Jul-01 00:30:25.291 INFO	core	Target EXE was compiled at  "2018-03-31T22:17:58" [E:\projects\Dwarf-Therapist\src\dfinstancewindows.cpp:78] (DFInstanceWindows::calculate_checksum)
2018-Jul-01 00:30:25.291 INFO	core	Setting memory layout for DF checksum "0x5ac04f66" [E:\projects\Dwarf-Therapist\src\dfinstance.cpp:1086] (DFInstance::set_memory_layout)
2018-Jul-01 00:30:25.291 INFO	core	Detected Dwarf Fortress version "v0.44.09 (graphics) win64" using MemoryLayout from "C:/DF_MOD~1/KSDF/KEEPSA~1/LNP/Utilities/DwarfTherapist/share/memory_layouts/windows/v0.44.09_graphics_win64.ini" [E:\projects\Dwarf-Therapist\src\dfinstance.cpp:1091] (DFInstance::set_memory_layout)
2018-Jul-01 00:30:25.297 INFO	core	GetModuleFileNameEx returned:  "C:\\DF_MOD~1\\KSDF\\KEEPSA~1\\df_44_09_win\\Dwarf Fortress.exe" [E:\projects\Dwarf-Therapist\src\dfinstancewindows.cpp:316] (DFInstanceWindows::find_running_copy)
2018-Jul-01 00:30:25.297 INFO	core	Dwarf Fortress path: "C:/DF_MOD~1/KSDF/KEEPSA~1/df_44_09_win" [E:\projects\Dwarf-Therapist\src\dfinstancewindows.cpp:319] (DFInstanceWindows::find_running_copy)
2018-Jul-01 00:30:25.297 INFO	core	Checking for layout for checksum:  "0x5ac04f66" [E:\projects\Dwarf-Therapist\src\updater.cpp:133] (Updater::check_layouts)
2018-Jul-01 00:30:25.449 INFO	core	Setting memory layout for DF checksum "0x5ac04f66" [E:\projects\Dwarf-Therapist\src\dfinstance.cpp:1086] (DFInstance::set_memory_layout)
2018-Jul-01 00:30:25.449 INFO	core	Detected Dwarf Fortress version "v0.44.09 (graphics) win64" using MemoryLayout from "C:/DF_MOD~1/KSDF/KEEPSA~1/LNP/Utilities/DwarfTherapist/share/memory_layouts/windows/v0.44.09_graphics_win64.ini" [E:\projects\Dwarf-Therapist\src\dfinstance.cpp:1091] (DFInstance::set_memory_layout)
2018-Jul-01 00:30:25.454 WARNING	core	lost connection to DF [E:\projects\Dwarf-Therapist\src\mainwindow.cpp:467] (MainWindow::lost_df_connection)
2018-Jul-01 00:30:25.459 ERROR	core	("No Game Loaded", "A fort has not been loaded.", "", "") [E:\projects\Dwarf-Therapist\src\mainwindow.cpp:489] (MainWindow::lost_df_connection)
2018-Jul-01 01:01:16.491 INFO	core	Beginning shutdown [E:\projects\Dwarf-Therapist\src\mainwindow.cpp:381] (MainWindow::closeEvent)
2018-Jul-01 01:01:16.491 INFO	core	beginning to write settings [E:\projects\Dwarf-Therapist\src\mainwindow.cpp:358] (MainWindow::write_settings)
2018-Jul-01 01:01:16.492 INFO	core	finished writing settings [E:\projects\Dwarf-Therapist\src\mainwindow.cpp:376] (MainWindow::write_settings)
2018-Jul-01 01:01:16.492 INFO	core	Closing Dwarf Therapist normally [E:\projects\Dwarf-Therapist\src\mainwindow.cpp:387] (MainWindow::closeEvent)
